<?xml version="1.0" encoding="UTF-8"?>
<TestRun id="6ed9e9f7-a9e5-47ce-902b-21cdce13643a" name="Ticha@TICHINHA 2011-06-23 17:14:18" runUser="Tichinha\Ticha" xmlns="http://microsoft.com/schemas/VisualStudio/TeamTest/2010">
  <TestSettings name="Local" id="9cc0ef20-9937-47d7-8157-49516918ae7e">
    <Description>These are default test settings for a local test run.</Description>
    <Deployment userDeploymentRoot="H:\SPF\PROMPT11\PROMPT11-02-AdvancedProgramming.sandrapatfer\src\FinalWork\TestResults" useDefaultDeploymentRoot="false" enabled="false" runDeploymentRoot="Ticha_TICHINHA 2011-06-23 17_14_18">
      <DeploymentItem filename="H:\SPF\PROMPT11\PROMPT11-02-AdvancedProgramming.sandrapatfer\src\FinalWork\ChelasInjection\bin\Debug\ChelasInjection.dll" />
      <DeploymentItem filename="H:\SPF\PROMPT11\PROMPT11-02-AdvancedProgramming.sandrapatfer\src\FinalWork\ChelasInjection.SampleTypes\bin\Debug\ChelasInjection.SampleTypes.dll" />
    </Deployment>
    <Execution>
      <TestTypeSpecific />
      <AgentRule name="Execution Agents">
      </AgentRule>
    </Execution>
  </TestSettings>
  <Times creation="2011-06-23T17:14:18.2353405+01:00" queuing="2011-06-23T17:14:18.9303803+01:00" start="2011-06-23T17:14:19.0253857+01:00" finish="2011-06-23T17:14:24.2236830+01:00" />
  <ResultSummary outcome="Error">
    <Counters total="7" executed="1" error="0" failed="0" timeout="0" aborted="1" inconclusive="0" passedButRunAborted="0" notRunnable="0" notExecuted="6" disconnected="0" warning="0" passed="0" completed="0" inProgress="0" pending="0" />
    <RunInfos>
      <RunInfo computerName="TICHINHA" outcome="Error" timestamp="2011-06-23T17:14:24.2226830+01:00">
        <Text>Test host process exited unexpectedly.</Text>
      </RunInfo>
    </RunInfos>
  </ResultSummary>
  <TestDefinitions>
    <UnitTest name="ShouldThrowUnboundExceptionForISomeInterface8Request" storage="h:\spf\prompt11\prompt11-02-advancedprogramming.sandrapatfer\src\finalwork\chelasinjection.tests2\bin\debug\chelasinjection.tests2.dll" id="343e2330-020f-ca29-0724-95104f785584">
      <Execution id="45951c27-e8a7-4bb6-a758-f7a532a37d73" />
      <TestMethod codeBase="H:/SPF/PROMPT11/PROMPT11-02-AdvancedProgramming.sandrapatfer/src/FinalWork/ChelasInjection.Tests2/bin/Debug/ChelasInjection.Tests2.DLL" adapterTypeName="Microsoft.VisualStudio.TestTools.TestTypes.Unit.UnitTestAdapter, Microsoft.VisualStudio.QualityTools.Tips.UnitTest.Adapter, Version=10.0.0.0, Culture=neutral, PublicKeyToken=b03f5f7f11d50a3a" className="ChelasInjection.Tests.UnitTest1, ChelasInjection.Tests2, Version=1.0.0.0, Culture=neutral, PublicKeyToken=null" name="ShouldThrowUnboundExceptionForISomeInterface8Request" />
    </UnitTest>
    <UnitTest name="ShouldThrowMultipleDefaultConstructorAttributesExceptionWhenForSomeClass10BecauseHasMultipleConstructorsWithDefaultConstructorAttribute" storage="h:\spf\prompt11\prompt11-02-advancedprogramming.sandrapatfer\src\finalwork\chelasinjection.tests2\bin\debug\chelasinjection.tests2.dll" id="badb261c-79e1-f2d7-f803-19e335e6a24b">
      <Execution id="28e3c965-63db-40f5-b36b-8d380becc684" />
      <TestMethod codeBase="H:/SPF/PROMPT11/PROMPT11-02-AdvancedProgramming.sandrapatfer/src/FinalWork/ChelasInjection.Tests2/bin/Debug/ChelasInjection.Tests2.DLL" adapterTypeName="Microsoft.VisualStudio.TestTools.TestTypes.Unit.UnitTestAdapter, Microsoft.VisualStudio.QualityTools.Tips.UnitTest.Adapter, Version=10.0.0.0, Culture=neutral, PublicKeyToken=b03f5f7f11d50a3a" className="ChelasInjection.Tests.UnitTest1, ChelasInjection.Tests2, Version=1.0.0.0, Culture=neutral, PublicKeyToken=null" name="ShouldThrowMultipleDefaultConstructorAttributesExceptionWhenForSomeClass10BecauseHasMultipleConstructorsWithDefaultConstructorAttribute" />
    </UnitTest>
    <UnitTest name="ShouldReturnSomeInterface7And8RedForSomeInterface8RequestWhenSelectionAttributeIsdefined" storage="h:\spf\prompt11\prompt11-02-advancedprogramming.sandrapatfer\src\finalwork\chelasinjection.tests2\bin\debug\chelasinjection.tests2.dll" id="0fb9d857-b22e-831c-2b38-70d77b06e36b">
      <Execution id="ef3a3d13-6e5f-4645-8c34-359dc7dd9f7d" />
      <TestMethod codeBase="H:/SPF/PROMPT11/PROMPT11-02-AdvancedProgramming.sandrapatfer/src/FinalWork/ChelasInjection.Tests2/bin/Debug/ChelasInjection.Tests2.DLL" adapterTypeName="Microsoft.VisualStudio.TestTools.TestTypes.Unit.UnitTestAdapter, Microsoft.VisualStudio.QualityTools.Tips.UnitTest.Adapter, Version=10.0.0.0, Culture=neutral, PublicKeyToken=b03f5f7f11d50a3a" className="ChelasInjection.Tests.UnitTest1, ChelasInjection.Tests2, Version=1.0.0.0, Culture=neutral, PublicKeyToken=null" name="ShouldReturnSomeInterface7And8RedForSomeInterface8RequestWhenSelectionAttributeIsdefined" />
    </UnitTest>
    <UnitTest name="ShouldChooseSomeInterface10RedImplementationForDependencyOnSomeClass11" storage="h:\spf\prompt11\prompt11-02-advancedprogramming.sandrapatfer\src\finalwork\chelasinjection.tests2\bin\debug\chelasinjection.tests2.dll" id="f9b93fa6-b71a-f71d-284d-5bec026536ee">
      <Execution id="8c561bae-e501-44b8-a68b-4ab2cf621b8e" />
      <TestMethod codeBase="H:/SPF/PROMPT11/PROMPT11-02-AdvancedProgramming.sandrapatfer/src/FinalWork/ChelasInjection.Tests2/bin/Debug/ChelasInjection.Tests2.DLL" adapterTypeName="Microsoft.VisualStudio.TestTools.TestTypes.Unit.UnitTestAdapter, Microsoft.VisualStudio.QualityTools.Tips.UnitTest.Adapter, Version=10.0.0.0, Culture=neutral, PublicKeyToken=b03f5f7f11d50a3a" className="ChelasInjection.Tests.UnitTest1, ChelasInjection.Tests2, Version=1.0.0.0, Culture=neutral, PublicKeyToken=null" name="ShouldChooseSomeInterface10RedImplementationForDependencyOnSomeClass11" />
    </UnitTest>
    <UnitTest name="ShouldReturnSomeInterface7DefaultForSomeInterface7DependencyOnSomeClass13WithNotConfiguredBlackAttribute" storage="h:\spf\prompt11\prompt11-02-advancedprogramming.sandrapatfer\src\finalwork\chelasinjection.tests2\bin\debug\chelasinjection.tests2.dll" id="2dbe1cb0-1300-91d9-d83a-4537ac6ebaeb">
      <Execution id="fe427451-7df7-45d3-9cb1-2dea7df3c54c" />
      <TestMethod codeBase="H:/SPF/PROMPT11/PROMPT11-02-AdvancedProgramming.sandrapatfer/src/FinalWork/ChelasInjection.Tests2/bin/Debug/ChelasInjection.Tests2.DLL" adapterTypeName="Microsoft.VisualStudio.TestTools.TestTypes.Unit.UnitTestAdapter, Microsoft.VisualStudio.QualityTools.Tips.UnitTest.Adapter, Version=10.0.0.0, Culture=neutral, PublicKeyToken=b03f5f7f11d50a3a" className="ChelasInjection.Tests.UnitTest1, ChelasInjection.Tests2, Version=1.0.0.0, Culture=neutral, PublicKeyToken=null" name="ShouldReturnSomeInterface7DefaultForSomeInterface7DependencyOnSomeClass13WithNotConfiguredBlackAttribute" />
    </UnitTest>
    <UnitTest name="ShouldReturnSomeInterface7DefaultForSomeInterface7DependencyOnSomeClass14WithNoArgumentAttribute" storage="h:\spf\prompt11\prompt11-02-advancedprogramming.sandrapatfer\src\finalwork\chelasinjection.tests2\bin\debug\chelasinjection.tests2.dll" id="fb960a69-164e-b826-ab52-fd7d677561d6">
      <Execution id="00b56da6-d7fe-4368-b3e8-0aefb2d9c1d2" />
      <TestMethod codeBase="H:/SPF/PROMPT11/PROMPT11-02-AdvancedProgramming.sandrapatfer/src/FinalWork/ChelasInjection.Tests2/bin/Debug/ChelasInjection.Tests2.DLL" adapterTypeName="Microsoft.VisualStudio.TestTools.TestTypes.Unit.UnitTestAdapter, Microsoft.VisualStudio.QualityTools.Tips.UnitTest.Adapter, Version=10.0.0.0, Culture=neutral, PublicKeyToken=b03f5f7f11d50a3a" className="ChelasInjection.Tests.UnitTest1, ChelasInjection.Tests2, Version=1.0.0.0, Culture=neutral, PublicKeyToken=null" name="ShouldReturnSomeInterface7DefaultForSomeInterface7DependencyOnSomeClass14WithNoArgumentAttribute" />
    </UnitTest>
    <UnitTest name="ShouldChooseSomeInterface10YellowImplementationForDependencyOnSomeClass12" storage="h:\spf\prompt11\prompt11-02-advancedprogramming.sandrapatfer\src\finalwork\chelasinjection.tests2\bin\debug\chelasinjection.tests2.dll" id="67be36d0-e847-5d39-b115-e4c98c1d269a">
      <Execution id="0c5c335a-2456-47a8-a22d-2444a617f0a6" />
      <TestMethod codeBase="H:/SPF/PROMPT11/PROMPT11-02-AdvancedProgramming.sandrapatfer/src/FinalWork/ChelasInjection.Tests2/bin/Debug/ChelasInjection.Tests2.DLL" adapterTypeName="Microsoft.VisualStudio.TestTools.TestTypes.Unit.UnitTestAdapter, Microsoft.VisualStudio.QualityTools.Tips.UnitTest.Adapter, Version=10.0.0.0, Culture=neutral, PublicKeyToken=b03f5f7f11d50a3a" className="ChelasInjection.Tests.UnitTest1, ChelasInjection.Tests2, Version=1.0.0.0, Culture=neutral, PublicKeyToken=null" name="ShouldChooseSomeInterface10YellowImplementationForDependencyOnSomeClass12" />
    </UnitTest>
  </TestDefinitions>
  <TestLists>
    <TestList name="Results Not in a List" id="8c84fa94-04c1-424b-9868-57a2d4851a1d" />
    <TestList name="All Loaded Results" id="19431567-8539-422a-85d7-44ee4e166bda" />
  </TestLists>
  <TestEntries>
    <TestEntry testId="67be36d0-e847-5d39-b115-e4c98c1d269a" executionId="0c5c335a-2456-47a8-a22d-2444a617f0a6" testListId="8c84fa94-04c1-424b-9868-57a2d4851a1d" />
    <TestEntry testId="fb960a69-164e-b826-ab52-fd7d677561d6" executionId="00b56da6-d7fe-4368-b3e8-0aefb2d9c1d2" testListId="8c84fa94-04c1-424b-9868-57a2d4851a1d" />
    <TestEntry testId="2dbe1cb0-1300-91d9-d83a-4537ac6ebaeb" executionId="fe427451-7df7-45d3-9cb1-2dea7df3c54c" testListId="8c84fa94-04c1-424b-9868-57a2d4851a1d" />
    <TestEntry testId="badb261c-79e1-f2d7-f803-19e335e6a24b" executionId="28e3c965-63db-40f5-b36b-8d380becc684" testListId="8c84fa94-04c1-424b-9868-57a2d4851a1d" />
    <TestEntry testId="343e2330-020f-ca29-0724-95104f785584" executionId="45951c27-e8a7-4bb6-a758-f7a532a37d73" testListId="8c84fa94-04c1-424b-9868-57a2d4851a1d" />
    <TestEntry testId="0fb9d857-b22e-831c-2b38-70d77b06e36b" executionId="ef3a3d13-6e5f-4645-8c34-359dc7dd9f7d" testListId="8c84fa94-04c1-424b-9868-57a2d4851a1d" />
    <TestEntry testId="f9b93fa6-b71a-f71d-284d-5bec026536ee" executionId="8c561bae-e501-44b8-a68b-4ab2cf621b8e" testListId="8c84fa94-04c1-424b-9868-57a2d4851a1d" />
  </TestEntries>
  <Results>
    <UnitTestResult executionId="0c5c335a-2456-47a8-a22d-2444a617f0a6" testId="67be36d0-e847-5d39-b115-e4c98c1d269a" testName="ShouldChooseSomeInterface10YellowImplementationForDependencyOnSomeClass12" computerName="TICHINHA" duration="00:00:05.0962915" startTime="2011-06-23T17:14:19.1263915+01:00" endTime="2011-06-23T17:14:24.2226830+01:00" testType="13cdc9d9-ddb5-4fa4-a97d-d965ccfc6d4b" outcome="Aborted" testListId="8c84fa94-04c1-424b-9868-57a2d4851a1d" relativeResultsDirectory="0c5c335a-2456-47a8-a22d-2444a617f0a6">
    </UnitTestResult>
    <UnitTestResult executionId="00b56da6-d7fe-4368-b3e8-0aefb2d9c1d2" testId="fb960a69-164e-b826-ab52-fd7d677561d6" testName="ShouldReturnSomeInterface7DefaultForSomeInterface7DependencyOnSomeClass14WithNoArgumentAttribute" computerName="TICHINHA" testType="13cdc9d9-ddb5-4fa4-a97d-d965ccfc6d4b" outcome="NotExecuted" testListId="8c84fa94-04c1-424b-9868-57a2d4851a1d" relativeResultsDirectory="00b56da6-d7fe-4368-b3e8-0aefb2d9c1d2">
    </UnitTestResult>
    <UnitTestResult executionId="fe427451-7df7-45d3-9cb1-2dea7df3c54c" testId="2dbe1cb0-1300-91d9-d83a-4537ac6ebaeb" testName="ShouldReturnSomeInterface7DefaultForSomeInterface7DependencyOnSomeClass13WithNotConfiguredBlackAttribute" computerName="TICHINHA" testType="13cdc9d9-ddb5-4fa4-a97d-d965ccfc6d4b" outcome="NotExecuted" testListId="8c84fa94-04c1-424b-9868-57a2d4851a1d" relativeResultsDirectory="fe427451-7df7-45d3-9cb1-2dea7df3c54c">
    </UnitTestResult>
    <UnitTestResult executionId="28e3c965-63db-40f5-b36b-8d380becc684" testId="badb261c-79e1-f2d7-f803-19e335e6a24b" testName="ShouldThrowMultipleDefaultConstructorAttributesExceptionWhenForSomeClass10BecauseHasMultipleConstructorsWithDefaultConstructorAttribute" computerName="TICHINHA" testType="13cdc9d9-ddb5-4fa4-a97d-d965ccfc6d4b" outcome="NotExecuted" testListId="8c84fa94-04c1-424b-9868-57a2d4851a1d" relativeResultsDirectory="28e3c965-63db-40f5-b36b-8d380becc684">
    </UnitTestResult>
    <UnitTestResult executionId="45951c27-e8a7-4bb6-a758-f7a532a37d73" testId="343e2330-020f-ca29-0724-95104f785584" testName="ShouldThrowUnboundExceptionForISomeInterface8Request" computerName="TICHINHA" testType="13cdc9d9-ddb5-4fa4-a97d-d965ccfc6d4b" outcome="NotExecuted" testListId="8c84fa94-04c1-424b-9868-57a2d4851a1d" relativeResultsDirectory="45951c27-e8a7-4bb6-a758-f7a532a37d73">
    </UnitTestResult>
    <UnitTestResult executionId="ef3a3d13-6e5f-4645-8c34-359dc7dd9f7d" testId="0fb9d857-b22e-831c-2b38-70d77b06e36b" testName="ShouldReturnSomeInterface7And8RedForSomeInterface8RequestWhenSelectionAttributeIsdefined" computerName="TICHINHA" testType="13cdc9d9-ddb5-4fa4-a97d-d965ccfc6d4b" outcome="NotExecuted" testListId="8c84fa94-04c1-424b-9868-57a2d4851a1d" relativeResultsDirectory="ef3a3d13-6e5f-4645-8c34-359dc7dd9f7d">
    </UnitTestResult>
    <UnitTestResult executionId="8c561bae-e501-44b8-a68b-4ab2cf621b8e" testId="f9b93fa6-b71a-f71d-284d-5bec026536ee" testName="ShouldChooseSomeInterface10RedImplementationForDependencyOnSomeClass11" computerName="TICHINHA" testType="13cdc9d9-ddb5-4fa4-a97d-d965ccfc6d4b" outcome="NotExecuted" testListId="8c84fa94-04c1-424b-9868-57a2d4851a1d" relativeResultsDirectory="8c561bae-e501-44b8-a68b-4ab2cf621b8e">
    </UnitTestResult>
  </Results>
</TestRun>