<?xml version="1.0" encoding="UTF-8"?>
<TestRun id="683b3077-a07d-40a2-b8b3-a33c63b7bf70" name="Ticha@TICHINHA 2011-06-23 17:24:50" runUser="Tichinha\Ticha" xmlns="http://microsoft.com/schemas/VisualStudio/TeamTest/2010">
  <TestSettings name="Local" id="9cc0ef20-9937-47d7-8157-49516918ae7e">
    <Description>These are default test settings for a local test run.</Description>
    <Deployment userDeploymentRoot="H:\SPF\PROMPT11\PROMPT11-02-AdvancedProgramming.sandrapatfer\src\FinalWork\TestResults" useDefaultDeploymentRoot="false" enabled="false" runDeploymentRoot="Ticha_TICHINHA 2011-06-23 17_24_50">
      <DeploymentItem filename="H:\SPF\PROMPT11\PROMPT11-02-AdvancedProgramming.sandrapatfer\src\FinalWork\ChelasInjection\bin\Debug\ChelasInjection.dll" />
      <DeploymentItem filename="H:\SPF\PROMPT11\PROMPT11-02-AdvancedProgramming.sandrapatfer\src\FinalWork\ChelasInjection.SampleTypes\bin\Debug\ChelasInjection.SampleTypes.dll" />
    </Deployment>
    <Execution>
      <TestTypeSpecific />
      <AgentRule name="Execution Agents">
      </AgentRule>
    </Execution>
  </TestSettings>
  <Times creation="2011-06-23T17:24:50.5346577+01:00" queuing="2011-06-23T17:24:50.5502577+01:00" start="2011-06-23T17:24:50.5502577+01:00" finish="2011-06-23T17:24:50.9090584+01:00" />
  <ResultSummary outcome="Failed">
    <Counters total="35" executed="35" passed="30" error="0" failed="5" timeout="0" aborted="0" inconclusive="0" passedButRunAborted="0" notRunnable="0" notExecuted="0" disconnected="0" warning="0" completed="0" inProgress="0" pending="0" />
  </ResultSummary>
  <TestDefinitions>
    <UnitTest name="ShouldHaveSingletonActivationForSomeClass7CustomResolverProvidedInstances" storage="h:\spf\prompt11\prompt11-02-advancedprogramming.sandrapatfer\src\finalwork\chelasinjection.tests2\bin\debug\chelasinjection.tests2.dll" id="12c34159-a3d5-4e71-915d-5d2a9292a276">
      <Execution id="320a1408-bb93-4ae1-9cad-3b1b4554908f" />
      <TestMethod codeBase="H:/SPF/PROMPT11/PROMPT11-02-AdvancedProgramming.sandrapatfer/src/FinalWork/ChelasInjection.Tests2/bin/Debug/ChelasInjection.Tests2.DLL" adapterTypeName="Microsoft.VisualStudio.TestTools.TestTypes.Unit.UnitTestAdapter, Microsoft.VisualStudio.QualityTools.Tips.UnitTest.Adapter, Version=10.0.0.0, Culture=neutral, PublicKeyToken=b03f5f7f11d50a3a" className="ChelasInjection.Tests.UnitTest1, ChelasInjection.Tests2, Version=1.0.0.0, Culture=neutral, PublicKeyToken=null" name="ShouldHaveSingletonActivationForSomeClass7CustomResolverProvidedInstances" />
    </UnitTest>
    <UnitTest name="ShouldThrowUnboundTypeExceptionForAnUnboundAbstractType" storage="h:\spf\prompt11\prompt11-02-advancedprogramming.sandrapatfer\src\finalwork\chelasinjection.tests2\bin\debug\chelasinjection.tests2.dll" id="656d7ed8-51e6-ac9e-3238-7d523d24fb7f">
      <Execution id="d7e28d49-955a-41ce-9370-deafe0961e3d" />
      <TestMethod codeBase="H:/SPF/PROMPT11/PROMPT11-02-AdvancedProgramming.sandrapatfer/src/FinalWork/ChelasInjection.Tests2/bin/Debug/ChelasInjection.Tests2.DLL" adapterTypeName="Microsoft.VisualStudio.TestTools.TestTypes.Unit.UnitTestAdapter, Microsoft.VisualStudio.QualityTools.Tips.UnitTest.Adapter, Version=10.0.0.0, Culture=neutral, PublicKeyToken=b03f5f7f11d50a3a" className="ChelasInjection.Tests.UnitTest1, ChelasInjection.Tests2, Version=1.0.0.0, Culture=neutral, PublicKeyToken=null" name="ShouldThrowUnboundTypeExceptionForAnUnboundAbstractType" />
    </UnitTest>
    <UnitTest name="ShouldCreateASomeInterface3ImplInstanceForISomeInterface2RequestAndAlsoCreateItsDependencies" storage="h:\spf\prompt11\prompt11-02-advancedprogramming.sandrapatfer\src\finalwork\chelasinjection.tests2\bin\debug\chelasinjection.tests2.dll" id="12d69a01-353d-6243-926f-aae67310746f">
      <Execution id="b3531264-9bf4-4b84-9dcb-e1dc751c96e3" />
      <TestMethod codeBase="H:/SPF/PROMPT11/PROMPT11-02-AdvancedProgramming.sandrapatfer/src/FinalWork/ChelasInjection.Tests2/bin/Debug/ChelasInjection.Tests2.DLL" adapterTypeName="Microsoft.VisualStudio.TestTools.TestTypes.Unit.UnitTestAdapter, Microsoft.VisualStudio.QualityTools.Tips.UnitTest.Adapter, Version=10.0.0.0, Culture=neutral, PublicKeyToken=b03f5f7f11d50a3a" className="ChelasInjection.Tests.UnitTest1, ChelasInjection.Tests2, Version=1.0.0.0, Culture=neutral, PublicKeyToken=null" name="ShouldCreateASomeInterface3ImplInstanceForISomeInterface2RequestAndAlsoCreateItsDependencies" />
    </UnitTest>
    <UnitTest name="ShouldThrowMultipleDefaultConstructorAttributesExceptionWhenForSomeClass10BecauseHasMultipleConstructorsWithDefaultConstructorAttribute" storage="h:\spf\prompt11\prompt11-02-advancedprogramming.sandrapatfer\src\finalwork\chelasinjection.tests2\bin\debug\chelasinjection.tests2.dll" id="badb261c-79e1-f2d7-f803-19e335e6a24b">
      <Execution id="442f72fa-78e5-4c77-ab21-62e4c6293d61" />
      <TestMethod codeBase="H:/SPF/PROMPT11/PROMPT11-02-AdvancedProgramming.sandrapatfer/src/FinalWork/ChelasInjection.Tests2/bin/Debug/ChelasInjection.Tests2.DLL" adapterTypeName="Microsoft.VisualStudio.TestTools.TestTypes.Unit.UnitTestAdapter, Microsoft.VisualStudio.QualityTools.Tips.UnitTest.Adapter, Version=10.0.0.0, Culture=neutral, PublicKeyToken=b03f5f7f11d50a3a" className="ChelasInjection.Tests.UnitTest1, ChelasInjection.Tests2, Version=1.0.0.0, Culture=neutral, PublicKeyToken=null" name="ShouldThrowMultipleDefaultConstructorAttributesExceptionWhenForSomeClass10BecauseHasMultipleConstructorsWithDefaultConstructorAttribute" />
    </UnitTest>
    <UnitTest name="ShouldHavePerCallActivationForDependenciesISomeInterface3Instances" storage="h:\spf\prompt11\prompt11-02-advancedprogramming.sandrapatfer\src\finalwork\chelasinjection.tests2\bin\debug\chelasinjection.tests2.dll" id="b1dae230-0702-1c38-61e9-e91d35c3e828">
      <Execution id="cfd2e4e6-b31d-4b3b-bd88-7180dd6c9e67" />
      <TestMethod codeBase="H:/SPF/PROMPT11/PROMPT11-02-AdvancedProgramming.sandrapatfer/src/FinalWork/ChelasInjection.Tests2/bin/Debug/ChelasInjection.Tests2.DLL" adapterTypeName="Microsoft.VisualStudio.TestTools.TestTypes.Unit.UnitTestAdapter, Microsoft.VisualStudio.QualityTools.Tips.UnitTest.Adapter, Version=10.0.0.0, Culture=neutral, PublicKeyToken=b03f5f7f11d50a3a" className="ChelasInjection.Tests.UnitTest1, ChelasInjection.Tests2, Version=1.0.0.0, Culture=neutral, PublicKeyToken=null" name="ShouldHavePerCallActivationForDependenciesISomeInterface3Instances" />
    </UnitTest>
    <UnitTest name="ShouldReturnSomeInterface7DefaultForSomeInterface7DependencyOnSomeClass13WithNotConfiguredBlackAttribute" storage="h:\spf\prompt11\prompt11-02-advancedprogramming.sandrapatfer\src\finalwork\chelasinjection.tests2\bin\debug\chelasinjection.tests2.dll" id="2dbe1cb0-1300-91d9-d83a-4537ac6ebaeb">
      <Execution id="da941fdc-b1b9-42f1-b73e-c2727b979aea" />
      <TestMethod codeBase="H:/SPF/PROMPT11/PROMPT11-02-AdvancedProgramming.sandrapatfer/src/FinalWork/ChelasInjection.Tests2/bin/Debug/ChelasInjection.Tests2.DLL" adapterTypeName="Microsoft.VisualStudio.TestTools.TestTypes.Unit.UnitTestAdapter, Microsoft.VisualStudio.QualityTools.Tips.UnitTest.Adapter, Version=10.0.0.0, Culture=neutral, PublicKeyToken=b03f5f7f11d50a3a" className="ChelasInjection.Tests.UnitTest1, ChelasInjection.Tests2, Version=1.0.0.0, Culture=neutral, PublicKeyToken=null" name="ShouldReturnSomeInterface7DefaultForSomeInterface7DependencyOnSomeClass13WithNotConfiguredBlackAttribute" />
    </UnitTest>
    <UnitTest name="ShouldReturnSomeInterface7And8RedForSomeInterface8RequestWhenSelectionAttributeIsdefined" storage="h:\spf\prompt11\prompt11-02-advancedprogramming.sandrapatfer\src\finalwork\chelasinjection.tests2\bin\debug\chelasinjection.tests2.dll" id="0fb9d857-b22e-831c-2b38-70d77b06e36b">
      <Execution id="71a9ad18-a8a4-4eaa-853b-0c560ed9e829" />
      <TestMethod codeBase="H:/SPF/PROMPT11/PROMPT11-02-AdvancedProgramming.sandrapatfer/src/FinalWork/ChelasInjection.Tests2/bin/Debug/ChelasInjection.Tests2.DLL" adapterTypeName="Microsoft.VisualStudio.TestTools.TestTypes.Unit.UnitTestAdapter, Microsoft.VisualStudio.QualityTools.Tips.UnitTest.Adapter, Version=10.0.0.0, Culture=neutral, PublicKeyToken=b03f5f7f11d50a3a" className="ChelasInjection.Tests.UnitTest1, ChelasInjection.Tests2, Version=1.0.0.0, Culture=neutral, PublicKeyToken=null" name="ShouldReturnSomeInterface7And8RedForSomeInterface8RequestWhenSelectionAttributeIsdefined" />
    </UnitTest>
    <UnitTest name="ShouldCreateAnInstanceForAnUnboundTypeWithPublicConstructors" storage="h:\spf\prompt11\prompt11-02-advancedprogramming.sandrapatfer\src\finalwork\chelasinjection.tests2\bin\debug\chelasinjection.tests2.dll" id="f3af9dd6-57e5-e2ea-f6d2-38630ed06ba9">
      <Execution id="afe689f2-92c3-4d29-a29f-ec33f68c751a" />
      <TestMethod codeBase="H:/SPF/PROMPT11/PROMPT11-02-AdvancedProgramming.sandrapatfer/src/FinalWork/ChelasInjection.Tests2/bin/Debug/ChelasInjection.Tests2.DLL" adapterTypeName="Microsoft.VisualStudio.TestTools.TestTypes.Unit.UnitTestAdapter, Microsoft.VisualStudio.QualityTools.Tips.UnitTest.Adapter, Version=10.0.0.0, Culture=neutral, PublicKeyToken=b03f5f7f11d50a3a" className="ChelasInjection.Tests.UnitTest1, ChelasInjection.Tests2, Version=1.0.0.0, Culture=neutral, PublicKeyToken=null" name="ShouldCreateAnInstanceForAnUnboundTypeWithPublicConstructors" />
    </UnitTest>
    <UnitTest name="ShouldChooseTheCorrectConstructorWhenWithConstructorOperatorIsUsedForISomeInterface2" storage="h:\spf\prompt11\prompt11-02-advancedprogramming.sandrapatfer\src\finalwork\chelasinjection.tests2\bin\debug\chelasinjection.tests2.dll" id="799df84a-d0f7-d582-afb8-66d314142c52">
      <Execution id="0816221f-ce95-4dd7-8c95-78dd59b7b822" />
      <TestMethod codeBase="H:/SPF/PROMPT11/PROMPT11-02-AdvancedProgramming.sandrapatfer/src/FinalWork/ChelasInjection.Tests2/bin/Debug/ChelasInjection.Tests2.DLL" adapterTypeName="Microsoft.VisualStudio.TestTools.TestTypes.Unit.UnitTestAdapter, Microsoft.VisualStudio.QualityTools.Tips.UnitTest.Adapter, Version=10.0.0.0, Culture=neutral, PublicKeyToken=b03f5f7f11d50a3a" className="ChelasInjection.Tests.UnitTest1, ChelasInjection.Tests2, Version=1.0.0.0, Culture=neutral, PublicKeyToken=null" name="ShouldChooseTheCorrectConstructorWhenWithConstructorOperatorIsUsedForISomeInterface2" />
    </UnitTest>
    <UnitTest name="ShouldHaveDefautActivationOnDependencies" storage="h:\spf\prompt11\prompt11-02-advancedprogramming.sandrapatfer\src\finalwork\chelasinjection.tests2\bin\debug\chelasinjection.tests2.dll" id="203b2176-34be-f441-1eb4-ea8404ba4292">
      <Execution id="f384df99-944e-4be7-89f7-9b3281e993ec" />
      <TestMethod codeBase="H:/SPF/PROMPT11/PROMPT11-02-AdvancedProgramming.sandrapatfer/src/FinalWork/ChelasInjection.Tests2/bin/Debug/ChelasInjection.Tests2.DLL" adapterTypeName="Microsoft.VisualStudio.TestTools.TestTypes.Unit.UnitTestAdapter, Microsoft.VisualStudio.QualityTools.Tips.UnitTest.Adapter, Version=10.0.0.0, Culture=neutral, PublicKeyToken=b03f5f7f11d50a3a" className="ChelasInjection.Tests.UnitTest1, ChelasInjection.Tests2, Version=1.0.0.0, Culture=neutral, PublicKeyToken=null" name="ShouldHaveDefautActivationOnDependencies" />
    </UnitTest>
    <UnitTest name="ShouldReturnSomeClass6NotBoundAndCreatedByTheCustomResolver" storage="h:\spf\prompt11\prompt11-02-advancedprogramming.sandrapatfer\src\finalwork\chelasinjection.tests2\bin\debug\chelasinjection.tests2.dll" id="992fa773-e39d-6e61-1a30-6e747e297c53">
      <Execution id="3506f442-7458-46e4-ac13-67aa8f4abc96" />
      <TestMethod codeBase="H:/SPF/PROMPT11/PROMPT11-02-AdvancedProgramming.sandrapatfer/src/FinalWork/ChelasInjection.Tests2/bin/Debug/ChelasInjection.Tests2.DLL" adapterTypeName="Microsoft.VisualStudio.TestTools.TestTypes.Unit.UnitTestAdapter, Microsoft.VisualStudio.QualityTools.Tips.UnitTest.Adapter, Version=10.0.0.0, Culture=neutral, PublicKeyToken=b03f5f7f11d50a3a" className="ChelasInjection.Tests.UnitTest1, ChelasInjection.Tests2, Version=1.0.0.0, Culture=neutral, PublicKeyToken=null" name="ShouldReturnSomeClass6NotBoundAndCreatedByTheCustomResolver" />
    </UnitTest>
    <UnitTest name="ShouldReturnSomeInterface7And8RedForSomeInterface7RequestWhenSelectionAttributeIsdefined" storage="h:\spf\prompt11\prompt11-02-advancedprogramming.sandrapatfer\src\finalwork\chelasinjection.tests2\bin\debug\chelasinjection.tests2.dll" id="55e104c0-88fa-628e-eff2-a03a25d5724b">
      <Execution id="134455aa-9fcf-4fd8-ae94-6f9b62f5bea3" />
      <TestMethod codeBase="H:/SPF/PROMPT11/PROMPT11-02-AdvancedProgramming.sandrapatfer/src/FinalWork/ChelasInjection.Tests2/bin/Debug/ChelasInjection.Tests2.DLL" adapterTypeName="Microsoft.VisualStudio.TestTools.TestTypes.Unit.UnitTestAdapter, Microsoft.VisualStudio.QualityTools.Tips.UnitTest.Adapter, Version=10.0.0.0, Culture=neutral, PublicKeyToken=b03f5f7f11d50a3a" className="ChelasInjection.Tests.UnitTest1, ChelasInjection.Tests2, Version=1.0.0.0, Culture=neutral, PublicKeyToken=null" name="ShouldReturnSomeInterface7And8RedForSomeInterface7RequestWhenSelectionAttributeIsdefined" />
    </UnitTest>
    <UnitTest name="ShouldGivePriorirtyToCustomResolverAlthoughSomeClass7IsBound" storage="h:\spf\prompt11\prompt11-02-advancedprogramming.sandrapatfer\src\finalwork\chelasinjection.tests2\bin\debug\chelasinjection.tests2.dll" id="8557c812-6de1-9709-80ad-f04c0594564d">
      <Execution id="68f3f596-fc58-488d-8236-ade34aad0071" />
      <TestMethod codeBase="H:/SPF/PROMPT11/PROMPT11-02-AdvancedProgramming.sandrapatfer/src/FinalWork/ChelasInjection.Tests2/bin/Debug/ChelasInjection.Tests2.DLL" adapterTypeName="Microsoft.VisualStudio.TestTools.TestTypes.Unit.UnitTestAdapter, Microsoft.VisualStudio.QualityTools.Tips.UnitTest.Adapter, Version=10.0.0.0, Culture=neutral, PublicKeyToken=b03f5f7f11d50a3a" className="ChelasInjection.Tests.UnitTest1, ChelasInjection.Tests2, Version=1.0.0.0, Culture=neutral, PublicKeyToken=null" name="ShouldGivePriorirtyToCustomResolverAlthoughSomeClass7IsBound" />
    </UnitTest>
    <UnitTest name="ShouldCreateASomeClass4InstanceForSomeClass4Request" storage="h:\spf\prompt11\prompt11-02-advancedprogramming.sandrapatfer\src\finalwork\chelasinjection.tests2\bin\debug\chelasinjection.tests2.dll" id="aff7ce77-7373-e91c-38d4-a2cc7eff8eb9">
      <Execution id="74f3e5e9-6995-4338-ab9d-d0f7855ef5d7" />
      <TestMethod codeBase="H:/SPF/PROMPT11/PROMPT11-02-AdvancedProgramming.sandrapatfer/src/FinalWork/ChelasInjection.Tests2/bin/Debug/ChelasInjection.Tests2.DLL" adapterTypeName="Microsoft.VisualStudio.TestTools.TestTypes.Unit.UnitTestAdapter, Microsoft.VisualStudio.QualityTools.Tips.UnitTest.Adapter, Version=10.0.0.0, Culture=neutral, PublicKeyToken=b03f5f7f11d50a3a" className="ChelasInjection.Tests.UnitTest1, ChelasInjection.Tests2, Version=1.0.0.0, Culture=neutral, PublicKeyToken=null" name="ShouldCreateASomeClass4InstanceForSomeClass4Request" />
    </UnitTest>
    <UnitTest name="ShouldCreateASomeInterface2ImplInstanceForISomeInterface2RequestAndAlsoCreateItsDependencies" storage="h:\spf\prompt11\prompt11-02-advancedprogramming.sandrapatfer\src\finalwork\chelasinjection.tests2\bin\debug\chelasinjection.tests2.dll" id="2d574b83-6eb8-d38d-596f-4dbdcb30b343">
      <Execution id="0778b2da-56bc-4e3c-804f-acfc648598bb" />
      <TestMethod codeBase="H:/SPF/PROMPT11/PROMPT11-02-AdvancedProgramming.sandrapatfer/src/FinalWork/ChelasInjection.Tests2/bin/Debug/ChelasInjection.Tests2.DLL" adapterTypeName="Microsoft.VisualStudio.TestTools.TestTypes.Unit.UnitTestAdapter, Microsoft.VisualStudio.QualityTools.Tips.UnitTest.Adapter, Version=10.0.0.0, Culture=neutral, PublicKeyToken=b03f5f7f11d50a3a" className="ChelasInjection.Tests.UnitTest1, ChelasInjection.Tests2, Version=1.0.0.0, Culture=neutral, PublicKeyToken=null" name="ShouldCreateASomeInterface2ImplInstanceForISomeInterface2RequestAndAlsoCreateItsDependencies" />
    </UnitTest>
    <UnitTest name="ShouldChooseTheNoArgumentsConstructorWhenNoArgumentsConstructorOperatorIsUsedForISomeInterface1" storage="h:\spf\prompt11\prompt11-02-advancedprogramming.sandrapatfer\src\finalwork\chelasinjection.tests2\bin\debug\chelasinjection.tests2.dll" id="a8d53dff-3b7a-8a6d-08b4-ec3ef7866c7b">
      <Execution id="0a2fc086-60f8-4d87-90e1-e2134ea1957c" />
      <TestMethod codeBase="H:/SPF/PROMPT11/PROMPT11-02-AdvancedProgramming.sandrapatfer/src/FinalWork/ChelasInjection.Tests2/bin/Debug/ChelasInjection.Tests2.DLL" adapterTypeName="Microsoft.VisualStudio.TestTools.TestTypes.Unit.UnitTestAdapter, Microsoft.VisualStudio.QualityTools.Tips.UnitTest.Adapter, Version=10.0.0.0, Culture=neutral, PublicKeyToken=b03f5f7f11d50a3a" className="ChelasInjection.Tests.UnitTest1, ChelasInjection.Tests2, Version=1.0.0.0, Culture=neutral, PublicKeyToken=null" name="ShouldChooseTheNoArgumentsConstructorWhenNoArgumentsConstructorOperatorIsUsedForISomeInterface1" />
    </UnitTest>
    <UnitTest name="ShouldChooseTheConstructorWithMoreBindedArgumenstByDefault" storage="h:\spf\prompt11\prompt11-02-advancedprogramming.sandrapatfer\src\finalwork\chelasinjection.tests2\bin\debug\chelasinjection.tests2.dll" id="9b0c2864-875b-7395-9439-5c60eee626cf">
      <Execution id="833ea117-feb5-4556-a57b-269deda7db0a" />
      <TestMethod codeBase="H:/SPF/PROMPT11/PROMPT11-02-AdvancedProgramming.sandrapatfer/src/FinalWork/ChelasInjection.Tests2/bin/Debug/ChelasInjection.Tests2.DLL" adapterTypeName="Microsoft.VisualStudio.TestTools.TestTypes.Unit.UnitTestAdapter, Microsoft.VisualStudio.QualityTools.Tips.UnitTest.Adapter, Version=10.0.0.0, Culture=neutral, PublicKeyToken=b03f5f7f11d50a3a" className="ChelasInjection.Tests.UnitTest1, ChelasInjection.Tests2, Version=1.0.0.0, Culture=neutral, PublicKeyToken=null" name="ShouldChooseTheConstructorWithMoreBindedArgumenstByDefault" />
    </UnitTest>
    <UnitTest name="ShouldCreateASomeInterface1ImplInstanceForISomeInterface1Request" storage="h:\spf\prompt11\prompt11-02-advancedprogramming.sandrapatfer\src\finalwork\chelasinjection.tests2\bin\debug\chelasinjection.tests2.dll" id="69ed810d-5677-1ec5-22fa-3be6e29a4af5">
      <Execution id="72485a26-8a4d-4cab-8902-1882c258bf6a" />
      <TestMethod codeBase="H:/SPF/PROMPT11/PROMPT11-02-AdvancedProgramming.sandrapatfer/src/FinalWork/ChelasInjection.Tests2/bin/Debug/ChelasInjection.Tests2.DLL" adapterTypeName="Microsoft.VisualStudio.TestTools.TestTypes.Unit.UnitTestAdapter, Microsoft.VisualStudio.QualityTools.Tips.UnitTest.Adapter, Version=10.0.0.0, Culture=neutral, PublicKeyToken=b03f5f7f11d50a3a" className="ChelasInjection.Tests.UnitTest1, ChelasInjection.Tests2, Version=1.0.0.0, Culture=neutral, PublicKeyToken=null" name="ShouldCreateASomeInterface1ImplInstanceForISomeInterface1Request" />
    </UnitTest>
    <UnitTest name="ShouldUseTheLastBindForISomeInterface4" storage="h:\spf\prompt11\prompt11-02-advancedprogramming.sandrapatfer\src\finalwork\chelasinjection.tests2\bin\debug\chelasinjection.tests2.dll" id="8a4b3c7d-7572-49a8-20e7-b97ba68832af">
      <Execution id="f08caf23-3c7c-4769-aded-3f5fb4183617" />
      <TestMethod codeBase="H:/SPF/PROMPT11/PROMPT11-02-AdvancedProgramming.sandrapatfer/src/FinalWork/ChelasInjection.Tests2/bin/Debug/ChelasInjection.Tests2.DLL" adapterTypeName="Microsoft.VisualStudio.TestTools.TestTypes.Unit.UnitTestAdapter, Microsoft.VisualStudio.QualityTools.Tips.UnitTest.Adapter, Version=10.0.0.0, Culture=neutral, PublicKeyToken=b03f5f7f11d50a3a" className="ChelasInjection.Tests.UnitTest1, ChelasInjection.Tests2, Version=1.0.0.0, Culture=neutral, PublicKeyToken=null" name="ShouldUseTheLastBindForISomeInterface4" />
    </UnitTest>
    <UnitTest name="ShouldChooseSomeInterface10RedImplementationForDependencyOnSomeClass11" storage="h:\spf\prompt11\prompt11-02-advancedprogramming.sandrapatfer\src\finalwork\chelasinjection.tests2\bin\debug\chelasinjection.tests2.dll" id="f9b93fa6-b71a-f71d-284d-5bec026536ee">
      <Execution id="1936f038-4271-443b-8673-5aeed8358e44" />
      <TestMethod codeBase="H:/SPF/PROMPT11/PROMPT11-02-AdvancedProgramming.sandrapatfer/src/FinalWork/ChelasInjection.Tests2/bin/Debug/ChelasInjection.Tests2.DLL" adapterTypeName="Microsoft.VisualStudio.TestTools.TestTypes.Unit.UnitTestAdapter, Microsoft.VisualStudio.QualityTools.Tips.UnitTest.Adapter, Version=10.0.0.0, Culture=neutral, PublicKeyToken=b03f5f7f11d50a3a" className="ChelasInjection.Tests.UnitTest1, ChelasInjection.Tests2, Version=1.0.0.0, Culture=neutral, PublicKeyToken=null" name="ShouldChooseSomeInterface10RedImplementationForDependencyOnSomeClass11" />
    </UnitTest>
    <UnitTest name="ShouldCreateASomeClass9InstanceForSomeClass9RequestWithSelfBindConfiguration" storage="h:\spf\prompt11\prompt11-02-advancedprogramming.sandrapatfer\src\finalwork\chelasinjection.tests2\bin\debug\chelasinjection.tests2.dll" id="4ff804d2-0826-4eee-5faa-2c0b05eada64">
      <Execution id="33aca454-e897-4333-b55d-7fd4cab62c51" />
      <TestMethod codeBase="H:/SPF/PROMPT11/PROMPT11-02-AdvancedProgramming.sandrapatfer/src/FinalWork/ChelasInjection.Tests2/bin/Debug/ChelasInjection.Tests2.DLL" adapterTypeName="Microsoft.VisualStudio.TestTools.TestTypes.Unit.UnitTestAdapter, Microsoft.VisualStudio.QualityTools.Tips.UnitTest.Adapter, Version=10.0.0.0, Culture=neutral, PublicKeyToken=b03f5f7f11d50a3a" className="ChelasInjection.Tests.UnitTest1, ChelasInjection.Tests2, Version=1.0.0.0, Culture=neutral, PublicKeyToken=null" name="ShouldCreateASomeClass9InstanceForSomeClass9RequestWithSelfBindConfiguration" />
    </UnitTest>
    <UnitTest name="ShouldChooseSomeInterface10YellowImplementationForDependencyOnSomeClass12" storage="h:\spf\prompt11\prompt11-02-advancedprogramming.sandrapatfer\src\finalwork\chelasinjection.tests2\bin\debug\chelasinjection.tests2.dll" id="67be36d0-e847-5d39-b115-e4c98c1d269a">
      <Execution id="2e127e98-2c0c-4388-afae-f2ad2286b970" />
      <TestMethod codeBase="H:/SPF/PROMPT11/PROMPT11-02-AdvancedProgramming.sandrapatfer/src/FinalWork/ChelasInjection.Tests2/bin/Debug/ChelasInjection.Tests2.DLL" adapterTypeName="Microsoft.VisualStudio.TestTools.TestTypes.Unit.UnitTestAdapter, Microsoft.VisualStudio.QualityTools.Tips.UnitTest.Adapter, Version=10.0.0.0, Culture=neutral, PublicKeyToken=b03f5f7f11d50a3a" className="ChelasInjection.Tests.UnitTest1, ChelasInjection.Tests2, Version=1.0.0.0, Culture=neutral, PublicKeyToken=null" name="ShouldChooseSomeInterface10YellowImplementationForDependencyOnSomeClass12" />
    </UnitTest>
    <UnitTest name="ShouldHavePerRequestActivationForISomeInterface2Request" storage="h:\spf\prompt11\prompt11-02-advancedprogramming.sandrapatfer\src\finalwork\chelasinjection.tests2\bin\debug\chelasinjection.tests2.dll" id="e858f66b-5ff7-80c7-d0f2-04868ce086ed">
      <Execution id="c211059f-f741-4268-bbb9-72b5b8b0a0d9" />
      <TestMethod codeBase="H:/SPF/PROMPT11/PROMPT11-02-AdvancedProgramming.sandrapatfer/src/FinalWork/ChelasInjection.Tests2/bin/Debug/ChelasInjection.Tests2.DLL" adapterTypeName="Microsoft.VisualStudio.TestTools.TestTypes.Unit.UnitTestAdapter, Microsoft.VisualStudio.QualityTools.Tips.UnitTest.Adapter, Version=10.0.0.0, Culture=neutral, PublicKeyToken=b03f5f7f11d50a3a" className="ChelasInjection.Tests.UnitTest1, ChelasInjection.Tests2, Version=1.0.0.0, Culture=neutral, PublicKeyToken=null" name="ShouldHavePerRequestActivationForISomeInterface2Request" />
    </UnitTest>
    <UnitTest name="ShouldHaveSingletonActivationForISomeInterface3Request" storage="h:\spf\prompt11\prompt11-02-advancedprogramming.sandrapatfer\src\finalwork\chelasinjection.tests2\bin\debug\chelasinjection.tests2.dll" id="950830c6-0f4f-8968-2d6c-fa6b82ea8ddc">
      <Execution id="988751fb-745a-4f4a-a87f-ab3532df91a0" />
      <TestMethod codeBase="H:/SPF/PROMPT11/PROMPT11-02-AdvancedProgramming.sandrapatfer/src/FinalWork/ChelasInjection.Tests2/bin/Debug/ChelasInjection.Tests2.DLL" adapterTypeName="Microsoft.VisualStudio.TestTools.TestTypes.Unit.UnitTestAdapter, Microsoft.VisualStudio.QualityTools.Tips.UnitTest.Adapter, Version=10.0.0.0, Culture=neutral, PublicKeyToken=b03f5f7f11d50a3a" className="ChelasInjection.Tests.UnitTest1, ChelasInjection.Tests2, Version=1.0.0.0, Culture=neutral, PublicKeyToken=null" name="ShouldHaveSingletonActivationForISomeInterface3Request" />
    </UnitTest>
    <UnitTest name="ShouldExecuteInitializationExpressionForISomeInterface2Impl" storage="h:\spf\prompt11\prompt11-02-advancedprogramming.sandrapatfer\src\finalwork\chelasinjection.tests2\bin\debug\chelasinjection.tests2.dll" id="771b46f7-fec5-a01b-e7d5-50ec03f005a0">
      <Execution id="8f908665-0070-4228-9948-86834db3e9ef" />
      <TestMethod codeBase="H:/SPF/PROMPT11/PROMPT11-02-AdvancedProgramming.sandrapatfer/src/FinalWork/ChelasInjection.Tests2/bin/Debug/ChelasInjection.Tests2.DLL" adapterTypeName="Microsoft.VisualStudio.TestTools.TestTypes.Unit.UnitTestAdapter, Microsoft.VisualStudio.QualityTools.Tips.UnitTest.Adapter, Version=10.0.0.0, Culture=neutral, PublicKeyToken=b03f5f7f11d50a3a" className="ChelasInjection.Tests.UnitTest1, ChelasInjection.Tests2, Version=1.0.0.0, Culture=neutral, PublicKeyToken=null" name="ShouldExecuteInitializationExpressionForISomeInterface2Impl" />
    </UnitTest>
    <UnitTest name="TestMethod1" storage="h:\spf\prompt11\prompt11-02-advancedprogramming.sandrapatfer\src\finalwork\chelasinjection.tests2\bin\debug\chelasinjection.tests2.dll" id="0e1818d9-cc61-fd84-b00f-dc6e3addb7b2">
      <Execution id="4a8757be-939a-43d0-b103-22712ff7b6e9" />
      <TestMethod codeBase="H:/SPF/PROMPT11/PROMPT11-02-AdvancedProgramming.sandrapatfer/src/FinalWork/ChelasInjection.Tests2/bin/Debug/ChelasInjection.Tests2.DLL" adapterTypeName="Microsoft.VisualStudio.TestTools.TestTypes.Unit.UnitTestAdapter, Microsoft.VisualStudio.QualityTools.Tips.UnitTest.Adapter, Version=10.0.0.0, Culture=neutral, PublicKeyToken=b03f5f7f11d50a3a" className="ChelasInjection.Tests.UnitTest1, ChelasInjection.Tests2, Version=1.0.0.0, Culture=neutral, PublicKeyToken=null" name="TestMethod1" />
    </UnitTest>
    <UnitTest name="ShouldReturnSomeInterface7DefaultForSomeInterface7RequestWhenNoSelectionAttributeIsdefined" storage="h:\spf\prompt11\prompt11-02-advancedprogramming.sandrapatfer\src\finalwork\chelasinjection.tests2\bin\debug\chelasinjection.tests2.dll" id="c43435fc-d314-f391-46cd-d23dbed660d5">
      <Execution id="98f36e0b-ead1-48eb-8a35-80c0f451a901" />
      <TestMethod codeBase="H:/SPF/PROMPT11/PROMPT11-02-AdvancedProgramming.sandrapatfer/src/FinalWork/ChelasInjection.Tests2/bin/Debug/ChelasInjection.Tests2.DLL" adapterTypeName="Microsoft.VisualStudio.TestTools.TestTypes.Unit.UnitTestAdapter, Microsoft.VisualStudio.QualityTools.Tips.UnitTest.Adapter, Version=10.0.0.0, Culture=neutral, PublicKeyToken=b03f5f7f11d50a3a" className="ChelasInjection.Tests.UnitTest1, ChelasInjection.Tests2, Version=1.0.0.0, Culture=neutral, PublicKeyToken=null" name="ShouldReturnSomeInterface7DefaultForSomeInterface7RequestWhenNoSelectionAttributeIsdefined" />
    </UnitTest>
    <UnitTest name="ShouldThrowCircularDependencyExceptionOnInstantiationForSomeClass1" storage="h:\spf\prompt11\prompt11-02-advancedprogramming.sandrapatfer\src\finalwork\chelasinjection.tests2\bin\debug\chelasinjection.tests2.dll" id="28b0781c-525f-79c7-0fe1-7f25197915d6">
      <Execution id="2cbf6647-7c3a-47a0-b28c-6b2985d47911" />
      <TestMethod codeBase="H:/SPF/PROMPT11/PROMPT11-02-AdvancedProgramming.sandrapatfer/src/FinalWork/ChelasInjection.Tests2/bin/Debug/ChelasInjection.Tests2.DLL" adapterTypeName="Microsoft.VisualStudio.TestTools.TestTypes.Unit.UnitTestAdapter, Microsoft.VisualStudio.QualityTools.Tips.UnitTest.Adapter, Version=10.0.0.0, Culture=neutral, PublicKeyToken=b03f5f7f11d50a3a" className="ChelasInjection.Tests.UnitTest1, ChelasInjection.Tests2, Version=1.0.0.0, Culture=neutral, PublicKeyToken=null" name="ShouldThrowCircularDependencyExceptionOnInstantiationForSomeClass1" />
    </UnitTest>
    <UnitTest name="ShouldThrowUnboundExceptionForISomeInterface8Request" storage="h:\spf\prompt11\prompt11-02-advancedprogramming.sandrapatfer\src\finalwork\chelasinjection.tests2\bin\debug\chelasinjection.tests2.dll" id="343e2330-020f-ca29-0724-95104f785584">
      <Execution id="8004eb51-77a7-490b-a6b0-56683b36a743" />
      <TestMethod codeBase="H:/SPF/PROMPT11/PROMPT11-02-AdvancedProgramming.sandrapatfer/src/FinalWork/ChelasInjection.Tests2/bin/Debug/ChelasInjection.Tests2.DLL" adapterTypeName="Microsoft.VisualStudio.TestTools.TestTypes.Unit.UnitTestAdapter, Microsoft.VisualStudio.QualityTools.Tips.UnitTest.Adapter, Version=10.0.0.0, Culture=neutral, PublicKeyToken=b03f5f7f11d50a3a" className="ChelasInjection.Tests.UnitTest1, ChelasInjection.Tests2, Version=1.0.0.0, Culture=neutral, PublicKeyToken=null" name="ShouldThrowUnboundExceptionForISomeInterface8Request" />
    </UnitTest>
    <UnitTest name="ShouldHavePerRequestAsDefaultActivation" storage="h:\spf\prompt11\prompt11-02-advancedprogramming.sandrapatfer\src\finalwork\chelasinjection.tests2\bin\debug\chelasinjection.tests2.dll" id="19ea25b7-39b5-1dcf-59fc-6e8eaa2a7cad">
      <Execution id="0b888799-7e9d-44d0-be92-7693cd27fd22" />
      <TestMethod codeBase="H:/SPF/PROMPT11/PROMPT11-02-AdvancedProgramming.sandrapatfer/src/FinalWork/ChelasInjection.Tests2/bin/Debug/ChelasInjection.Tests2.DLL" adapterTypeName="Microsoft.VisualStudio.TestTools.TestTypes.Unit.UnitTestAdapter, Microsoft.VisualStudio.QualityTools.Tips.UnitTest.Adapter, Version=10.0.0.0, Culture=neutral, PublicKeyToken=b03f5f7f11d50a3a" className="ChelasInjection.Tests.UnitTest1, ChelasInjection.Tests2, Version=1.0.0.0, Culture=neutral, PublicKeyToken=null" name="ShouldHavePerRequestAsDefaultActivation" />
    </UnitTest>
    <UnitTest name="ShouldMaintainActivationEvenForSomeClass7ProvidedByCustomResolver" storage="h:\spf\prompt11\prompt11-02-advancedprogramming.sandrapatfer\src\finalwork\chelasinjection.tests2\bin\debug\chelasinjection.tests2.dll" id="77c4ee26-43df-d990-818c-b93181d9d426">
      <Execution id="fbbb3d43-add5-4ed7-acfc-85554a7cfb72" />
      <TestMethod codeBase="H:/SPF/PROMPT11/PROMPT11-02-AdvancedProgramming.sandrapatfer/src/FinalWork/ChelasInjection.Tests2/bin/Debug/ChelasInjection.Tests2.DLL" adapterTypeName="Microsoft.VisualStudio.TestTools.TestTypes.Unit.UnitTestAdapter, Microsoft.VisualStudio.QualityTools.Tips.UnitTest.Adapter, Version=10.0.0.0, Culture=neutral, PublicKeyToken=b03f5f7f11d50a3a" className="ChelasInjection.Tests.UnitTest1, ChelasInjection.Tests2, Version=1.0.0.0, Culture=neutral, PublicKeyToken=null" name="ShouldMaintainActivationEvenForSomeClass7ProvidedByCustomResolver" />
    </UnitTest>
    <UnitTest name="ShouldReturnSomeInterface7DefaultForSomeInterface7DependencyOnSomeClass14WithNoArgumentAttribute" storage="h:\spf\prompt11\prompt11-02-advancedprogramming.sandrapatfer\src\finalwork\chelasinjection.tests2\bin\debug\chelasinjection.tests2.dll" id="fb960a69-164e-b826-ab52-fd7d677561d6">
      <Execution id="79be7b31-66b5-4dba-bd47-4aee7c12e097" />
      <TestMethod codeBase="H:/SPF/PROMPT11/PROMPT11-02-AdvancedProgramming.sandrapatfer/src/FinalWork/ChelasInjection.Tests2/bin/Debug/ChelasInjection.Tests2.DLL" adapterTypeName="Microsoft.VisualStudio.TestTools.TestTypes.Unit.UnitTestAdapter, Microsoft.VisualStudio.QualityTools.Tips.UnitTest.Adapter, Version=10.0.0.0, Culture=neutral, PublicKeyToken=b03f5f7f11d50a3a" className="ChelasInjection.Tests.UnitTest1, ChelasInjection.Tests2, Version=1.0.0.0, Culture=neutral, PublicKeyToken=null" name="ShouldReturnSomeInterface7DefaultForSomeInterface7DependencyOnSomeClass14WithNoArgumentAttribute" />
    </UnitTest>
    <UnitTest name="ShouldUseTheLastConstructorDefinitionInOneBindForISomeInterface3" storage="h:\spf\prompt11\prompt11-02-advancedprogramming.sandrapatfer\src\finalwork\chelasinjection.tests2\bin\debug\chelasinjection.tests2.dll" id="fef9c989-3738-c8d2-2df9-720456409fe6">
      <Execution id="fa317322-e808-4209-b9c1-45d2246bbe26" />
      <TestMethod codeBase="H:/SPF/PROMPT11/PROMPT11-02-AdvancedProgramming.sandrapatfer/src/FinalWork/ChelasInjection.Tests2/bin/Debug/ChelasInjection.Tests2.DLL" adapterTypeName="Microsoft.VisualStudio.TestTools.TestTypes.Unit.UnitTestAdapter, Microsoft.VisualStudio.QualityTools.Tips.UnitTest.Adapter, Version=10.0.0.0, Culture=neutral, PublicKeyToken=b03f5f7f11d50a3a" className="ChelasInjection.Tests.UnitTest1, ChelasInjection.Tests2, Version=1.0.0.0, Culture=neutral, PublicKeyToken=null" name="ShouldUseTheLastConstructorDefinitionInOneBindForISomeInterface3" />
    </UnitTest>
    <UnitTest name="ShouldHavePerRequestActivationForNotBoundClass8ButWithCustomResolverProvidedInstance" storage="h:\spf\prompt11\prompt11-02-advancedprogramming.sandrapatfer\src\finalwork\chelasinjection.tests2\bin\debug\chelasinjection.tests2.dll" id="83226284-881c-2a5e-6de7-8d09db6a6d08">
      <Execution id="aa9d859a-f488-4f1f-bcdc-919524f5885b" />
      <TestMethod codeBase="H:/SPF/PROMPT11/PROMPT11-02-AdvancedProgramming.sandrapatfer/src/FinalWork/ChelasInjection.Tests2/bin/Debug/ChelasInjection.Tests2.DLL" adapterTypeName="Microsoft.VisualStudio.TestTools.TestTypes.Unit.UnitTestAdapter, Microsoft.VisualStudio.QualityTools.Tips.UnitTest.Adapter, Version=10.0.0.0, Culture=neutral, PublicKeyToken=b03f5f7f11d50a3a" className="ChelasInjection.Tests.UnitTest1, ChelasInjection.Tests2, Version=1.0.0.0, Culture=neutral, PublicKeyToken=null" name="ShouldHavePerRequestActivationForNotBoundClass8ButWithCustomResolverProvidedInstance" />
    </UnitTest>
    <UnitTest name="ShouldChooseTheConstructorAnotatedWithDefaulAttributeForISomeInterface5" storage="h:\spf\prompt11\prompt11-02-advancedprogramming.sandrapatfer\src\finalwork\chelasinjection.tests2\bin\debug\chelasinjection.tests2.dll" id="9a649419-67ea-379c-fb21-90bad3354097">
      <Execution id="066140c2-1ea7-4d5f-9cb3-dcb9d963eb86" />
      <TestMethod codeBase="H:/SPF/PROMPT11/PROMPT11-02-AdvancedProgramming.sandrapatfer/src/FinalWork/ChelasInjection.Tests2/bin/Debug/ChelasInjection.Tests2.DLL" adapterTypeName="Microsoft.VisualStudio.TestTools.TestTypes.Unit.UnitTestAdapter, Microsoft.VisualStudio.QualityTools.Tips.UnitTest.Adapter, Version=10.0.0.0, Culture=neutral, PublicKeyToken=b03f5f7f11d50a3a" className="ChelasInjection.Tests.UnitTest1, ChelasInjection.Tests2, Version=1.0.0.0, Culture=neutral, PublicKeyToken=null" name="ShouldChooseTheConstructorAnotatedWithDefaulAttributeForISomeInterface5" />
    </UnitTest>
  </TestDefinitions>
  <TestLists>
    <TestList name="Results Not in a List" id="8c84fa94-04c1-424b-9868-57a2d4851a1d" />
    <TestList name="All Loaded Results" id="19431567-8539-422a-85d7-44ee4e166bda" />
  </TestLists>
  <TestEntries>
    <TestEntry testId="0e1818d9-cc61-fd84-b00f-dc6e3addb7b2" executionId="4a8757be-939a-43d0-b103-22712ff7b6e9" testListId="8c84fa94-04c1-424b-9868-57a2d4851a1d" />
    <TestEntry testId="0fb9d857-b22e-831c-2b38-70d77b06e36b" executionId="71a9ad18-a8a4-4eaa-853b-0c560ed9e829" testListId="8c84fa94-04c1-424b-9868-57a2d4851a1d" />
    <TestEntry testId="12c34159-a3d5-4e71-915d-5d2a9292a276" executionId="320a1408-bb93-4ae1-9cad-3b1b4554908f" testListId="8c84fa94-04c1-424b-9868-57a2d4851a1d" />
    <TestEntry testId="12d69a01-353d-6243-926f-aae67310746f" executionId="b3531264-9bf4-4b84-9dcb-e1dc751c96e3" testListId="8c84fa94-04c1-424b-9868-57a2d4851a1d" />
    <TestEntry testId="19ea25b7-39b5-1dcf-59fc-6e8eaa2a7cad" executionId="0b888799-7e9d-44d0-be92-7693cd27fd22" testListId="8c84fa94-04c1-424b-9868-57a2d4851a1d" />
    <TestEntry testId="203b2176-34be-f441-1eb4-ea8404ba4292" executionId="f384df99-944e-4be7-89f7-9b3281e993ec" testListId="8c84fa94-04c1-424b-9868-57a2d4851a1d" />
    <TestEntry testId="28b0781c-525f-79c7-0fe1-7f25197915d6" executionId="2cbf6647-7c3a-47a0-b28c-6b2985d47911" testListId="8c84fa94-04c1-424b-9868-57a2d4851a1d" />
    <TestEntry testId="2d574b83-6eb8-d38d-596f-4dbdcb30b343" executionId="0778b2da-56bc-4e3c-804f-acfc648598bb" testListId="8c84fa94-04c1-424b-9868-57a2d4851a1d" />
    <TestEntry testId="2dbe1cb0-1300-91d9-d83a-4537ac6ebaeb" executionId="da941fdc-b1b9-42f1-b73e-c2727b979aea" testListId="8c84fa94-04c1-424b-9868-57a2d4851a1d" />
    <TestEntry testId="343e2330-020f-ca29-0724-95104f785584" executionId="8004eb51-77a7-490b-a6b0-56683b36a743" testListId="8c84fa94-04c1-424b-9868-57a2d4851a1d" />
    <TestEntry testId="4ff804d2-0826-4eee-5faa-2c0b05eada64" executionId="33aca454-e897-4333-b55d-7fd4cab62c51" testListId="8c84fa94-04c1-424b-9868-57a2d4851a1d" />
    <TestEntry testId="55e104c0-88fa-628e-eff2-a03a25d5724b" executionId="134455aa-9fcf-4fd8-ae94-6f9b62f5bea3" testListId="8c84fa94-04c1-424b-9868-57a2d4851a1d" />
    <TestEntry testId="656d7ed8-51e6-ac9e-3238-7d523d24fb7f" executionId="d7e28d49-955a-41ce-9370-deafe0961e3d" testListId="8c84fa94-04c1-424b-9868-57a2d4851a1d" />
    <TestEntry testId="67be36d0-e847-5d39-b115-e4c98c1d269a" executionId="2e127e98-2c0c-4388-afae-f2ad2286b970" testListId="8c84fa94-04c1-424b-9868-57a2d4851a1d" />
    <TestEntry testId="69ed810d-5677-1ec5-22fa-3be6e29a4af5" executionId="72485a26-8a4d-4cab-8902-1882c258bf6a" testListId="8c84fa94-04c1-424b-9868-57a2d4851a1d" />
    <TestEntry testId="771b46f7-fec5-a01b-e7d5-50ec03f005a0" executionId="8f908665-0070-4228-9948-86834db3e9ef" testListId="8c84fa94-04c1-424b-9868-57a2d4851a1d" />
    <TestEntry testId="77c4ee26-43df-d990-818c-b93181d9d426" executionId="fbbb3d43-add5-4ed7-acfc-85554a7cfb72" testListId="8c84fa94-04c1-424b-9868-57a2d4851a1d" />
    <TestEntry testId="799df84a-d0f7-d582-afb8-66d314142c52" executionId="0816221f-ce95-4dd7-8c95-78dd59b7b822" testListId="8c84fa94-04c1-424b-9868-57a2d4851a1d" />
    <TestEntry testId="83226284-881c-2a5e-6de7-8d09db6a6d08" executionId="aa9d859a-f488-4f1f-bcdc-919524f5885b" testListId="8c84fa94-04c1-424b-9868-57a2d4851a1d" />
    <TestEntry testId="8557c812-6de1-9709-80ad-f04c0594564d" executionId="68f3f596-fc58-488d-8236-ade34aad0071" testListId="8c84fa94-04c1-424b-9868-57a2d4851a1d" />
    <TestEntry testId="8a4b3c7d-7572-49a8-20e7-b97ba68832af" executionId="f08caf23-3c7c-4769-aded-3f5fb4183617" testListId="8c84fa94-04c1-424b-9868-57a2d4851a1d" />
    <TestEntry testId="950830c6-0f4f-8968-2d6c-fa6b82ea8ddc" executionId="988751fb-745a-4f4a-a87f-ab3532df91a0" testListId="8c84fa94-04c1-424b-9868-57a2d4851a1d" />
    <TestEntry testId="992fa773-e39d-6e61-1a30-6e747e297c53" executionId="3506f442-7458-46e4-ac13-67aa8f4abc96" testListId="8c84fa94-04c1-424b-9868-57a2d4851a1d" />
    <TestEntry testId="9a649419-67ea-379c-fb21-90bad3354097" executionId="066140c2-1ea7-4d5f-9cb3-dcb9d963eb86" testListId="8c84fa94-04c1-424b-9868-57a2d4851a1d" />
    <TestEntry testId="9b0c2864-875b-7395-9439-5c60eee626cf" executionId="833ea117-feb5-4556-a57b-269deda7db0a" testListId="8c84fa94-04c1-424b-9868-57a2d4851a1d" />
    <TestEntry testId="a8d53dff-3b7a-8a6d-08b4-ec3ef7866c7b" executionId="0a2fc086-60f8-4d87-90e1-e2134ea1957c" testListId="8c84fa94-04c1-424b-9868-57a2d4851a1d" />
    <TestEntry testId="aff7ce77-7373-e91c-38d4-a2cc7eff8eb9" executionId="74f3e5e9-6995-4338-ab9d-d0f7855ef5d7" testListId="8c84fa94-04c1-424b-9868-57a2d4851a1d" />
    <TestEntry testId="b1dae230-0702-1c38-61e9-e91d35c3e828" executionId="cfd2e4e6-b31d-4b3b-bd88-7180dd6c9e67" testListId="8c84fa94-04c1-424b-9868-57a2d4851a1d" />
    <TestEntry testId="badb261c-79e1-f2d7-f803-19e335e6a24b" executionId="442f72fa-78e5-4c77-ab21-62e4c6293d61" testListId="8c84fa94-04c1-424b-9868-57a2d4851a1d" />
    <TestEntry testId="c43435fc-d314-f391-46cd-d23dbed660d5" executionId="98f36e0b-ead1-48eb-8a35-80c0f451a901" testListId="8c84fa94-04c1-424b-9868-57a2d4851a1d" />
    <TestEntry testId="e858f66b-5ff7-80c7-d0f2-04868ce086ed" executionId="c211059f-f741-4268-bbb9-72b5b8b0a0d9" testListId="8c84fa94-04c1-424b-9868-57a2d4851a1d" />
    <TestEntry testId="f3af9dd6-57e5-e2ea-f6d2-38630ed06ba9" executionId="afe689f2-92c3-4d29-a29f-ec33f68c751a" testListId="8c84fa94-04c1-424b-9868-57a2d4851a1d" />
    <TestEntry testId="f9b93fa6-b71a-f71d-284d-5bec026536ee" executionId="1936f038-4271-443b-8673-5aeed8358e44" testListId="8c84fa94-04c1-424b-9868-57a2d4851a1d" />
    <TestEntry testId="fb960a69-164e-b826-ab52-fd7d677561d6" executionId="79be7b31-66b5-4dba-bd47-4aee7c12e097" testListId="8c84fa94-04c1-424b-9868-57a2d4851a1d" />
    <TestEntry testId="fef9c989-3738-c8d2-2df9-720456409fe6" executionId="fa317322-e808-4209-b9c1-45d2246bbe26" testListId="8c84fa94-04c1-424b-9868-57a2d4851a1d" />
  </TestEntries>
  <Results>
    <UnitTestResult executionId="4a8757be-939a-43d0-b103-22712ff7b6e9" testId="0e1818d9-cc61-fd84-b00f-dc6e3addb7b2" testName="TestMethod1" computerName="TICHINHA" duration="00:00:00.0232916" startTime="2011-06-23T17:24:50.5502577+01:00" endTime="2011-06-23T17:24:50.7218580+01:00" testType="13cdc9d9-ddb5-4fa4-a97d-d965ccfc6d4b" outcome="Passed" testListId="8c84fa94-04c1-424b-9868-57a2d4851a1d" relativeResultsDirectory="4a8757be-939a-43d0-b103-22712ff7b6e9">
    </UnitTestResult>
    <UnitTestResult executionId="71a9ad18-a8a4-4eaa-853b-0c560ed9e829" testId="0fb9d857-b22e-831c-2b38-70d77b06e36b" testName="ShouldReturnSomeInterface7And8RedForSomeInterface8RequestWhenSelectionAttributeIsdefined" computerName="TICHINHA" duration="00:00:00.0145587" startTime="2011-06-23T17:24:50.7218580+01:00" endTime="2011-06-23T17:24:50.7530581+01:00" testType="13cdc9d9-ddb5-4fa4-a97d-d965ccfc6d4b" outcome="Failed" testListId="8c84fa94-04c1-424b-9868-57a2d4851a1d" relativeResultsDirectory="71a9ad18-a8a4-4eaa-853b-0c560ed9e829">
      <Output>
        <ErrorInfo>
          <Message>Test method ChelasInjection.Tests.UnitTest1.ShouldReturnSomeInterface7And8RedForSomeInterface8RequestWhenSelectionAttributeIsdefined threw exception: 
System.NullReferenceException: Object reference not set to an instance of an object.</Message>
          <StackTrace>    at ChelasInjection.Binder.TypeConfigHandler.AttributeConfig(Type attrType) in H:\SPF\PROMPT11\PROMPT11-02-AdvancedProgramming.sandrapatfer\src\FinalWork\ChelasInjection\Binder\TypeConfigHandler.cs:line 48
   at ChelasInjection.Injector.InstanceManager.GetBinderConfig(TypeIndex tIndex) in H:\SPF\PROMPT11\PROMPT11-02-AdvancedProgramming.sandrapatfer\src\FinalWork\ChelasInjection\Injector\InstanceManager.cs:line 258
   at ChelasInjection.Injector.InstanceManager.GetInstance(TypeIndex tIndex) in H:\SPF\PROMPT11\PROMPT11-02-AdvancedProgramming.sandrapatfer\src\FinalWork\ChelasInjection\Injector\InstanceManager.cs:line 48
   at ChelasInjection.Injector.InstanceManager.GetInstance[T,TA]() in H:\SPF\PROMPT11\PROMPT11-02-AdvancedProgramming.sandrapatfer\src\FinalWork\ChelasInjection\Injector\InstanceManager.cs:line 38
   at ChelasInjection.Injector.GetInstance[T,TA]() in H:\SPF\PROMPT11\PROMPT11-02-AdvancedProgramming.sandrapatfer\src\FinalWork\ChelasInjection\Injector\Injector.cs:line 24
   at ChelasInjection.Tests.UnitTest1.ShouldReturnSomeInterface7And8RedForSomeInterface8RequestWhenSelectionAttributeIsdefined() in H:\SPF\PROMPT11\PROMPT11-02-AdvancedProgramming.sandrapatfer\src\FinalWork\ChelasInjection.Tests2\UnitTest1.cs:line 504
</StackTrace>
        </ErrorInfo>
      </Output>
    </UnitTestResult>
    <UnitTestResult executionId="320a1408-bb93-4ae1-9cad-3b1b4554908f" testId="12c34159-a3d5-4e71-915d-5d2a9292a276" testName="ShouldHaveSingletonActivationForSomeClass7CustomResolverProvidedInstances" computerName="TICHINHA" duration="00:00:00.0042703" startTime="2011-06-23T17:24:50.7530581+01:00" endTime="2011-06-23T17:24:50.7530581+01:00" testType="13cdc9d9-ddb5-4fa4-a97d-d965ccfc6d4b" outcome="Passed" testListId="8c84fa94-04c1-424b-9868-57a2d4851a1d" relativeResultsDirectory="320a1408-bb93-4ae1-9cad-3b1b4554908f">
    </UnitTestResult>
    <UnitTestResult executionId="b3531264-9bf4-4b84-9dcb-e1dc751c96e3" testId="12d69a01-353d-6243-926f-aae67310746f" testName="ShouldCreateASomeInterface3ImplInstanceForISomeInterface2RequestAndAlsoCreateItsDependencies" computerName="TICHINHA" duration="00:00:00.0092417" startTime="2011-06-23T17:24:50.7530581+01:00" endTime="2011-06-23T17:24:50.7686581+01:00" testType="13cdc9d9-ddb5-4fa4-a97d-d965ccfc6d4b" outcome="Passed" testListId="8c84fa94-04c1-424b-9868-57a2d4851a1d" relativeResultsDirectory="b3531264-9bf4-4b84-9dcb-e1dc751c96e3">
    </UnitTestResult>
    <UnitTestResult executionId="0b888799-7e9d-44d0-be92-7693cd27fd22" testId="19ea25b7-39b5-1dcf-59fc-6e8eaa2a7cad" testName="ShouldHavePerRequestAsDefaultActivation" computerName="TICHINHA" duration="00:00:00.0002118" startTime="2011-06-23T17:24:50.7686581+01:00" endTime="2011-06-23T17:24:50.7686581+01:00" testType="13cdc9d9-ddb5-4fa4-a97d-d965ccfc6d4b" outcome="Passed" testListId="8c84fa94-04c1-424b-9868-57a2d4851a1d" relativeResultsDirectory="0b888799-7e9d-44d0-be92-7693cd27fd22">
    </UnitTestResult>
    <UnitTestResult executionId="f384df99-944e-4be7-89f7-9b3281e993ec" testId="203b2176-34be-f441-1eb4-ea8404ba4292" testName="ShouldHaveDefautActivationOnDependencies" computerName="TICHINHA" duration="00:00:00.0002769" startTime="2011-06-23T17:24:50.7686581+01:00" endTime="2011-06-23T17:24:50.7686581+01:00" testType="13cdc9d9-ddb5-4fa4-a97d-d965ccfc6d4b" outcome="Passed" testListId="8c84fa94-04c1-424b-9868-57a2d4851a1d" relativeResultsDirectory="f384df99-944e-4be7-89f7-9b3281e993ec">
    </UnitTestResult>
    <UnitTestResult executionId="2cbf6647-7c3a-47a0-b28c-6b2985d47911" testId="28b0781c-525f-79c7-0fe1-7f25197915d6" testName="ShouldThrowCircularDependencyExceptionOnInstantiationForSomeClass1" computerName="TICHINHA" duration="00:00:00.0006003" startTime="2011-06-23T17:24:50.7686581+01:00" endTime="2011-06-23T17:24:50.7842581+01:00" testType="13cdc9d9-ddb5-4fa4-a97d-d965ccfc6d4b" outcome="Passed" testListId="8c84fa94-04c1-424b-9868-57a2d4851a1d" relativeResultsDirectory="2cbf6647-7c3a-47a0-b28c-6b2985d47911">
    </UnitTestResult>
    <UnitTestResult executionId="0778b2da-56bc-4e3c-804f-acfc648598bb" testId="2d574b83-6eb8-d38d-596f-4dbdcb30b343" testName="ShouldCreateASomeInterface2ImplInstanceForISomeInterface2RequestAndAlsoCreateItsDependencies" computerName="TICHINHA" duration="00:00:00.0002386" startTime="2011-06-23T17:24:50.7842581+01:00" endTime="2011-06-23T17:24:50.7842581+01:00" testType="13cdc9d9-ddb5-4fa4-a97d-d965ccfc6d4b" outcome="Passed" testListId="8c84fa94-04c1-424b-9868-57a2d4851a1d" relativeResultsDirectory="0778b2da-56bc-4e3c-804f-acfc648598bb">
    </UnitTestResult>
    <UnitTestResult executionId="da941fdc-b1b9-42f1-b73e-c2727b979aea" testId="2dbe1cb0-1300-91d9-d83a-4537ac6ebaeb" testName="ShouldReturnSomeInterface7DefaultForSomeInterface7DependencyOnSomeClass13WithNotConfiguredBlackAttribute" computerName="TICHINHA" duration="00:00:00.0022520" startTime="2011-06-23T17:24:50.7842581+01:00" endTime="2011-06-23T17:24:50.7842581+01:00" testType="13cdc9d9-ddb5-4fa4-a97d-d965ccfc6d4b" outcome="Failed" testListId="8c84fa94-04c1-424b-9868-57a2d4851a1d" relativeResultsDirectory="da941fdc-b1b9-42f1-b73e-c2727b979aea">
      <Output>
        <ErrorInfo>
          <Message>Test method ChelasInjection.Tests.UnitTest1.ShouldReturnSomeInterface7DefaultForSomeInterface7DependencyOnSomeClass13WithNotConfiguredBlackAttribute threw exception: 
ChelasInjection.Exceptions.UnboundTypeException: Exception of type 'ChelasInjection.Exceptions.UnboundTypeException' was thrown.</Message>
          <StackTrace>    at ChelasInjection.Binder.TypeConfigHandler.AttributeConfig(Type attrType) in H:\SPF\PROMPT11\PROMPT11-02-AdvancedProgramming.sandrapatfer\src\FinalWork\ChelasInjection\Binder\TypeConfigHandler.cs:line 54
   at ChelasInjection.Injector.InstanceManager.GetBinderConfig(TypeIndex tIndex) in H:\SPF\PROMPT11\PROMPT11-02-AdvancedProgramming.sandrapatfer\src\FinalWork\ChelasInjection\Injector\InstanceManager.cs:line 258
   at ChelasInjection.Injector.InstanceManager.GetInstance(TypeIndex tIndex) in H:\SPF\PROMPT11\PROMPT11-02-AdvancedProgramming.sandrapatfer\src\FinalWork\ChelasInjection\Injector\InstanceManager.cs:line 48
   at ChelasInjection.Injector.InstanceManager.&lt;FunctionForBuildingParameters&gt;b__1d(ParameterInfo p) in H:\SPF\PROMPT11\PROMPT11-02-AdvancedProgramming.sandrapatfer\src\FinalWork\ChelasInjection\Injector\InstanceManager.cs:line 203
   at System.Linq.Enumerable.WhereSelectArrayIterator`2.MoveNext()
   at System.Linq.Buffer`1..ctor(IEnumerable`1 source)
   at System.Linq.Enumerable.ToArray[TSource](IEnumerable`1 source)
   at ChelasInjection.Injector.InstanceManager.&lt;FunctionForBuildingParameters&gt;b__1c(ConstructorInfo constructor) in H:\SPF\PROMPT11\PROMPT11-02-AdvancedProgramming.sandrapatfer\src\FinalWork\ChelasInjection\Injector\InstanceManager.cs:line 203
   at ChelasInjection.Injector.InstanceManager.CreateObjectWithConstructor(ConstructorInfo constructor, Func`2 parameters) in H:\SPF\PROMPT11\PROMPT11-02-AdvancedProgramming.sandrapatfer\src\FinalWork\ChelasInjection\Injector\InstanceManager.cs:line 193
   at ChelasInjection.Injector.InstanceManager.&lt;&gt;c__DisplayClassc.&lt;GetInstanceFromConfig&gt;b__2() in H:\SPF\PROMPT11\PROMPT11-02-AdvancedProgramming.sandrapatfer\src\FinalWork\ChelasInjection\Injector\InstanceManager.cs:line 84
   at ChelasInjection.Injector.InstanceManager.ProtectObjectCreation(TypeIndex tIndex, Func`1 creationFunc, Action`1 additionalAction) in H:\SPF\PROMPT11\PROMPT11-02-AdvancedProgramming.sandrapatfer\src\FinalWork\ChelasInjection\Injector\InstanceManager.cs:line 108
   at ChelasInjection.Injector.InstanceManager.GetInstanceFromConfig(TypeIndex tIndex, BaseTypeConfig tConfig) in H:\SPF\PROMPT11\PROMPT11-02-AdvancedProgramming.sandrapatfer\src\FinalWork\ChelasInjection\Injector\InstanceManager.cs:line 84
   at ChelasInjection.Injector.InstanceManager.GetInstance(TypeIndex tIndex) in H:\SPF\PROMPT11\PROMPT11-02-AdvancedProgramming.sandrapatfer\src\FinalWork\ChelasInjection\Injector\InstanceManager.cs:line 66
   at ChelasInjection.Injector.InstanceManager.GetInstance[T]() in H:\SPF\PROMPT11\PROMPT11-02-AdvancedProgramming.sandrapatfer\src\FinalWork\ChelasInjection\Injector\InstanceManager.cs:line 32
   at ChelasInjection.Injector.GetInstance[T]() in H:\SPF\PROMPT11\PROMPT11-02-AdvancedProgramming.sandrapatfer\src\FinalWork\ChelasInjection\Injector\Injector.cs:line 19
   at ChelasInjection.Tests.UnitTest1.ShouldReturnSomeInterface7DefaultForSomeInterface7DependencyOnSomeClass13WithNotConfiguredBlackAttribute() in H:\SPF\PROMPT11\PROMPT11-02-AdvancedProgramming.sandrapatfer\src\FinalWork\ChelasInjection.Tests2\UnitTest1.cs:line 438
</StackTrace>
        </ErrorInfo>
      </Output>
    </UnitTestResult>
    <UnitTestResult executionId="8004eb51-77a7-490b-a6b0-56683b36a743" testId="343e2330-020f-ca29-0724-95104f785584" testName="ShouldThrowUnboundExceptionForISomeInterface8Request" computerName="TICHINHA" duration="00:00:00.0014133" startTime="2011-06-23T17:24:50.7842581+01:00" endTime="2011-06-23T17:24:50.7998582+01:00" testType="13cdc9d9-ddb5-4fa4-a97d-d965ccfc6d4b" outcome="Failed" testListId="8c84fa94-04c1-424b-9868-57a2d4851a1d" relativeResultsDirectory="8004eb51-77a7-490b-a6b0-56683b36a743">
      <Output>
        <ErrorInfo>
          <Message>Test method ChelasInjection.Tests.UnitTest1.ShouldThrowUnboundExceptionForISomeInterface8Request did not throw expected exception ChelasInjection.Exceptions.UnboundTypeException.</Message>
        </ErrorInfo>
      </Output>
    </UnitTestResult>
    <UnitTestResult executionId="33aca454-e897-4333-b55d-7fd4cab62c51" testId="4ff804d2-0826-4eee-5faa-2c0b05eada64" testName="ShouldCreateASomeClass9InstanceForSomeClass9RequestWithSelfBindConfiguration" computerName="TICHINHA" duration="00:00:00.0003141" startTime="2011-06-23T17:24:50.7998582+01:00" endTime="2011-06-23T17:24:50.7998582+01:00" testType="13cdc9d9-ddb5-4fa4-a97d-d965ccfc6d4b" outcome="Passed" testListId="8c84fa94-04c1-424b-9868-57a2d4851a1d" relativeResultsDirectory="33aca454-e897-4333-b55d-7fd4cab62c51">
    </UnitTestResult>
    <UnitTestResult executionId="134455aa-9fcf-4fd8-ae94-6f9b62f5bea3" testId="55e104c0-88fa-628e-eff2-a03a25d5724b" testName="ShouldReturnSomeInterface7And8RedForSomeInterface7RequestWhenSelectionAttributeIsdefined" computerName="TICHINHA" duration="00:00:00.0002317" startTime="2011-06-23T17:24:50.7998582+01:00" endTime="2011-06-23T17:24:50.7998582+01:00" testType="13cdc9d9-ddb5-4fa4-a97d-d965ccfc6d4b" outcome="Passed" testListId="8c84fa94-04c1-424b-9868-57a2d4851a1d" relativeResultsDirectory="134455aa-9fcf-4fd8-ae94-6f9b62f5bea3">
    </UnitTestResult>
    <UnitTestResult executionId="d7e28d49-955a-41ce-9370-deafe0961e3d" testId="656d7ed8-51e6-ac9e-3238-7d523d24fb7f" testName="ShouldThrowUnboundTypeExceptionForAnUnboundAbstractType" computerName="TICHINHA" duration="00:00:00.0003796" startTime="2011-06-23T17:24:50.7998582+01:00" endTime="2011-06-23T17:24:50.7998582+01:00" testType="13cdc9d9-ddb5-4fa4-a97d-d965ccfc6d4b" outcome="Passed" testListId="8c84fa94-04c1-424b-9868-57a2d4851a1d" relativeResultsDirectory="d7e28d49-955a-41ce-9370-deafe0961e3d">
    </UnitTestResult>
    <UnitTestResult executionId="2e127e98-2c0c-4388-afae-f2ad2286b970" testId="67be36d0-e847-5d39-b115-e4c98c1d269a" testName="ShouldChooseSomeInterface10YellowImplementationForDependencyOnSomeClass12" computerName="TICHINHA" duration="00:00:00.0007624" startTime="2011-06-23T17:24:50.7998582+01:00" endTime="2011-06-23T17:24:50.8310582+01:00" testType="13cdc9d9-ddb5-4fa4-a97d-d965ccfc6d4b" outcome="Passed" testListId="8c84fa94-04c1-424b-9868-57a2d4851a1d" relativeResultsDirectory="2e127e98-2c0c-4388-afae-f2ad2286b970">
    </UnitTestResult>
    <UnitTestResult executionId="72485a26-8a4d-4cab-8902-1882c258bf6a" testId="69ed810d-5677-1ec5-22fa-3be6e29a4af5" testName="ShouldCreateASomeInterface1ImplInstanceForISomeInterface1Request" computerName="TICHINHA" duration="00:00:00.0002528" startTime="2011-06-23T17:24:50.8310582+01:00" endTime="2011-06-23T17:24:50.8310582+01:00" testType="13cdc9d9-ddb5-4fa4-a97d-d965ccfc6d4b" outcome="Passed" testListId="8c84fa94-04c1-424b-9868-57a2d4851a1d" relativeResultsDirectory="72485a26-8a4d-4cab-8902-1882c258bf6a">
    </UnitTestResult>
    <UnitTestResult executionId="8f908665-0070-4228-9948-86834db3e9ef" testId="771b46f7-fec5-a01b-e7d5-50ec03f005a0" testName="ShouldExecuteInitializationExpressionForISomeInterface2Impl" computerName="TICHINHA" duration="00:00:00.0003570" startTime="2011-06-23T17:24:50.8310582+01:00" endTime="2011-06-23T17:24:50.8310582+01:00" testType="13cdc9d9-ddb5-4fa4-a97d-d965ccfc6d4b" outcome="Passed" testListId="8c84fa94-04c1-424b-9868-57a2d4851a1d" relativeResultsDirectory="8f908665-0070-4228-9948-86834db3e9ef">
    </UnitTestResult>
    <UnitTestResult executionId="fbbb3d43-add5-4ed7-acfc-85554a7cfb72" testId="77c4ee26-43df-d990-818c-b93181d9d426" testName="ShouldMaintainActivationEvenForSomeClass7ProvidedByCustomResolver" computerName="TICHINHA" duration="00:00:00.0001735" startTime="2011-06-23T17:24:50.8310582+01:00" endTime="2011-06-23T17:24:50.8310582+01:00" testType="13cdc9d9-ddb5-4fa4-a97d-d965ccfc6d4b" outcome="Passed" testListId="8c84fa94-04c1-424b-9868-57a2d4851a1d" relativeResultsDirectory="fbbb3d43-add5-4ed7-acfc-85554a7cfb72">
    </UnitTestResult>
    <UnitTestResult executionId="0816221f-ce95-4dd7-8c95-78dd59b7b822" testId="799df84a-d0f7-d582-afb8-66d314142c52" testName="ShouldChooseTheCorrectConstructorWhenWithConstructorOperatorIsUsedForISomeInterface2" computerName="TICHINHA" duration="00:00:00.0004716" startTime="2011-06-23T17:24:50.8310582+01:00" endTime="2011-06-23T17:24:50.8466582+01:00" testType="13cdc9d9-ddb5-4fa4-a97d-d965ccfc6d4b" outcome="Passed" testListId="8c84fa94-04c1-424b-9868-57a2d4851a1d" relativeResultsDirectory="0816221f-ce95-4dd7-8c95-78dd59b7b822">
    </UnitTestResult>
    <UnitTestResult executionId="aa9d859a-f488-4f1f-bcdc-919524f5885b" testId="83226284-881c-2a5e-6de7-8d09db6a6d08" testName="ShouldHavePerRequestActivationForNotBoundClass8ButWithCustomResolverProvidedInstance" computerName="TICHINHA" duration="00:00:00.0005608" startTime="2011-06-23T17:24:50.8466582+01:00" endTime="2011-06-23T17:24:50.8466582+01:00" testType="13cdc9d9-ddb5-4fa4-a97d-d965ccfc6d4b" outcome="Passed" testListId="8c84fa94-04c1-424b-9868-57a2d4851a1d" relativeResultsDirectory="aa9d859a-f488-4f1f-bcdc-919524f5885b">
    </UnitTestResult>
    <UnitTestResult executionId="68f3f596-fc58-488d-8236-ade34aad0071" testId="8557c812-6de1-9709-80ad-f04c0594564d" testName="ShouldGivePriorirtyToCustomResolverAlthoughSomeClass7IsBound" computerName="TICHINHA" duration="00:00:00.0002099" startTime="2011-06-23T17:24:50.8466582+01:00" endTime="2011-06-23T17:24:50.8466582+01:00" testType="13cdc9d9-ddb5-4fa4-a97d-d965ccfc6d4b" outcome="Passed" testListId="8c84fa94-04c1-424b-9868-57a2d4851a1d" relativeResultsDirectory="68f3f596-fc58-488d-8236-ade34aad0071">
    </UnitTestResult>
    <UnitTestResult executionId="f08caf23-3c7c-4769-aded-3f5fb4183617" testId="8a4b3c7d-7572-49a8-20e7-b97ba68832af" testName="ShouldUseTheLastBindForISomeInterface4" computerName="TICHINHA" duration="00:00:00.0004524" startTime="2011-06-23T17:24:50.8466582+01:00" endTime="2011-06-23T17:24:50.8466582+01:00" testType="13cdc9d9-ddb5-4fa4-a97d-d965ccfc6d4b" outcome="Passed" testListId="8c84fa94-04c1-424b-9868-57a2d4851a1d" relativeResultsDirectory="f08caf23-3c7c-4769-aded-3f5fb4183617">
    </UnitTestResult>
    <UnitTestResult executionId="988751fb-745a-4f4a-a87f-ab3532df91a0" testId="950830c6-0f4f-8968-2d6c-fa6b82ea8ddc" testName="ShouldHaveSingletonActivationForISomeInterface3Request" computerName="TICHINHA" duration="00:00:00.0002210" startTime="2011-06-23T17:24:50.8466582+01:00" endTime="2011-06-23T17:24:50.8466582+01:00" testType="13cdc9d9-ddb5-4fa4-a97d-d965ccfc6d4b" outcome="Passed" testListId="8c84fa94-04c1-424b-9868-57a2d4851a1d" relativeResultsDirectory="988751fb-745a-4f4a-a87f-ab3532df91a0">
    </UnitTestResult>
    <UnitTestResult executionId="3506f442-7458-46e4-ac13-67aa8f4abc96" testId="992fa773-e39d-6e61-1a30-6e747e297c53" testName="ShouldReturnSomeClass6NotBoundAndCreatedByTheCustomResolver" computerName="TICHINHA" duration="00:00:00.0001685" startTime="2011-06-23T17:24:50.8466582+01:00" endTime="2011-06-23T17:24:50.8622583+01:00" testType="13cdc9d9-ddb5-4fa4-a97d-d965ccfc6d4b" outcome="Passed" testListId="8c84fa94-04c1-424b-9868-57a2d4851a1d" relativeResultsDirectory="3506f442-7458-46e4-ac13-67aa8f4abc96">
    </UnitTestResult>
    <UnitTestResult executionId="066140c2-1ea7-4d5f-9cb3-dcb9d963eb86" testId="9a649419-67ea-379c-fb21-90bad3354097" testName="ShouldChooseTheConstructorAnotatedWithDefaulAttributeForISomeInterface5" computerName="TICHINHA" duration="00:00:00.0004903" startTime="2011-06-23T17:24:50.8622583+01:00" endTime="2011-06-23T17:24:50.8622583+01:00" testType="13cdc9d9-ddb5-4fa4-a97d-d965ccfc6d4b" outcome="Passed" testListId="8c84fa94-04c1-424b-9868-57a2d4851a1d" relativeResultsDirectory="066140c2-1ea7-4d5f-9cb3-dcb9d963eb86">
    </UnitTestResult>
    <UnitTestResult executionId="833ea117-feb5-4556-a57b-269deda7db0a" testId="9b0c2864-875b-7395-9439-5c60eee626cf" testName="ShouldChooseTheConstructorWithMoreBindedArgumenstByDefault" computerName="TICHINHA" duration="00:00:00.0002168" startTime="2011-06-23T17:24:50.8622583+01:00" endTime="2011-06-23T17:24:50.8622583+01:00" testType="13cdc9d9-ddb5-4fa4-a97d-d965ccfc6d4b" outcome="Passed" testListId="8c84fa94-04c1-424b-9868-57a2d4851a1d" relativeResultsDirectory="833ea117-feb5-4556-a57b-269deda7db0a">
    </UnitTestResult>
    <UnitTestResult executionId="0a2fc086-60f8-4d87-90e1-e2134ea1957c" testId="a8d53dff-3b7a-8a6d-08b4-ec3ef7866c7b" testName="ShouldChooseTheNoArgumentsConstructorWhenNoArgumentsConstructorOperatorIsUsedForISomeInterface1" computerName="TICHINHA" duration="00:00:00.0001302" startTime="2011-06-23T17:24:50.8622583+01:00" endTime="2011-06-23T17:24:50.8622583+01:00" testType="13cdc9d9-ddb5-4fa4-a97d-d965ccfc6d4b" outcome="Passed" testListId="8c84fa94-04c1-424b-9868-57a2d4851a1d" relativeResultsDirectory="0a2fc086-60f8-4d87-90e1-e2134ea1957c">
    </UnitTestResult>
    <UnitTestResult executionId="74f3e5e9-6995-4338-ab9d-d0f7855ef5d7" testId="aff7ce77-7373-e91c-38d4-a2cc7eff8eb9" testName="ShouldCreateASomeClass4InstanceForSomeClass4Request" computerName="TICHINHA" duration="00:00:00.0002896" startTime="2011-06-23T17:24:50.8622583+01:00" endTime="2011-06-23T17:24:50.8778583+01:00" testType="13cdc9d9-ddb5-4fa4-a97d-d965ccfc6d4b" outcome="Passed" testListId="8c84fa94-04c1-424b-9868-57a2d4851a1d" relativeResultsDirectory="74f3e5e9-6995-4338-ab9d-d0f7855ef5d7">
    </UnitTestResult>
    <UnitTestResult executionId="cfd2e4e6-b31d-4b3b-bd88-7180dd6c9e67" testId="b1dae230-0702-1c38-61e9-e91d35c3e828" testName="ShouldHavePerCallActivationForDependenciesISomeInterface3Instances" computerName="TICHINHA" duration="00:00:00.0002214" startTime="2011-06-23T17:24:50.8778583+01:00" endTime="2011-06-23T17:24:50.8778583+01:00" testType="13cdc9d9-ddb5-4fa4-a97d-d965ccfc6d4b" outcome="Passed" testListId="8c84fa94-04c1-424b-9868-57a2d4851a1d" relativeResultsDirectory="cfd2e4e6-b31d-4b3b-bd88-7180dd6c9e67">
    </UnitTestResult>
    <UnitTestResult executionId="442f72fa-78e5-4c77-ab21-62e4c6293d61" testId="badb261c-79e1-f2d7-f803-19e335e6a24b" testName="ShouldThrowMultipleDefaultConstructorAttributesExceptionWhenForSomeClass10BecauseHasMultipleConstructorsWithDefaultConstructorAttribute" computerName="TICHINHA" duration="00:00:00.0009440" startTime="2011-06-23T17:24:50.8778583+01:00" endTime="2011-06-23T17:24:50.8778583+01:00" testType="13cdc9d9-ddb5-4fa4-a97d-d965ccfc6d4b" outcome="Failed" testListId="8c84fa94-04c1-424b-9868-57a2d4851a1d" relativeResultsDirectory="442f72fa-78e5-4c77-ab21-62e4c6293d61">
      <Output>
        <ErrorInfo>
          <Message>Test method ChelasInjection.Tests.UnitTest1.ShouldThrowMultipleDefaultConstructorAttributesExceptionWhenForSomeClass10BecauseHasMultipleConstructorsWithDefaultConstructorAttribute did not throw expected exception ChelasInjection.Exceptions.MultipleDefaultConstructorAttributesException.</Message>
        </ErrorInfo>
      </Output>
    </UnitTestResult>
    <UnitTestResult executionId="98f36e0b-ead1-48eb-8a35-80c0f451a901" testId="c43435fc-d314-f391-46cd-d23dbed660d5" testName="ShouldReturnSomeInterface7DefaultForSomeInterface7RequestWhenNoSelectionAttributeIsdefined" computerName="TICHINHA" duration="00:00:00.0002731" startTime="2011-06-23T17:24:50.8778583+01:00" endTime="2011-06-23T17:24:50.8778583+01:00" testType="13cdc9d9-ddb5-4fa4-a97d-d965ccfc6d4b" outcome="Passed" testListId="8c84fa94-04c1-424b-9868-57a2d4851a1d" relativeResultsDirectory="98f36e0b-ead1-48eb-8a35-80c0f451a901">
    </UnitTestResult>
    <UnitTestResult executionId="c211059f-f741-4268-bbb9-72b5b8b0a0d9" testId="e858f66b-5ff7-80c7-d0f2-04868ce086ed" testName="ShouldHavePerRequestActivationForISomeInterface2Request" computerName="TICHINHA" duration="00:00:00.0002088" startTime="2011-06-23T17:24:50.8778583+01:00" endTime="2011-06-23T17:24:50.8778583+01:00" testType="13cdc9d9-ddb5-4fa4-a97d-d965ccfc6d4b" outcome="Passed" testListId="8c84fa94-04c1-424b-9868-57a2d4851a1d" relativeResultsDirectory="c211059f-f741-4268-bbb9-72b5b8b0a0d9">
    </UnitTestResult>
    <UnitTestResult executionId="afe689f2-92c3-4d29-a29f-ec33f68c751a" testId="f3af9dd6-57e5-e2ea-f6d2-38630ed06ba9" testName="ShouldCreateAnInstanceForAnUnboundTypeWithPublicConstructors" computerName="TICHINHA" duration="00:00:00.0002769" startTime="2011-06-23T17:24:50.8778583+01:00" endTime="2011-06-23T17:24:50.8934583+01:00" testType="13cdc9d9-ddb5-4fa4-a97d-d965ccfc6d4b" outcome="Passed" testListId="8c84fa94-04c1-424b-9868-57a2d4851a1d" relativeResultsDirectory="afe689f2-92c3-4d29-a29f-ec33f68c751a">
    </UnitTestResult>
    <UnitTestResult executionId="1936f038-4271-443b-8673-5aeed8358e44" testId="f9b93fa6-b71a-f71d-284d-5bec026536ee" testName="ShouldChooseSomeInterface10RedImplementationForDependencyOnSomeClass11" computerName="TICHINHA" duration="00:00:00.0005336" startTime="2011-06-23T17:24:50.8934583+01:00" endTime="2011-06-23T17:24:50.8934583+01:00" testType="13cdc9d9-ddb5-4fa4-a97d-d965ccfc6d4b" outcome="Passed" testListId="8c84fa94-04c1-424b-9868-57a2d4851a1d" relativeResultsDirectory="1936f038-4271-443b-8673-5aeed8358e44">
    </UnitTestResult>
    <UnitTestResult executionId="79be7b31-66b5-4dba-bd47-4aee7c12e097" testId="fb960a69-164e-b826-ab52-fd7d677561d6" testName="ShouldReturnSomeInterface7DefaultForSomeInterface7DependencyOnSomeClass14WithNoArgumentAttribute" computerName="TICHINHA" duration="00:00:00.0017382" startTime="2011-06-23T17:24:50.8934583+01:00" endTime="2011-06-23T17:24:50.8934583+01:00" testType="13cdc9d9-ddb5-4fa4-a97d-d965ccfc6d4b" outcome="Failed" testListId="8c84fa94-04c1-424b-9868-57a2d4851a1d" relativeResultsDirectory="79be7b31-66b5-4dba-bd47-4aee7c12e097">
      <Output>
        <ErrorInfo>
          <Message>Assert.AreSame failed. </Message>
          <StackTrace>   at ChelasInjection.Tests.UnitTest1.ShouldReturnSomeInterface7DefaultForSomeInterface7DependencyOnSomeClass14WithNoArgumentAttribute() in H:\SPF\PROMPT11\PROMPT11-02-AdvancedProgramming.sandrapatfer\src\FinalWork\ChelasInjection.Tests2\UnitTest1.cs:line 455
</StackTrace>
        </ErrorInfo>
      </Output>
    </UnitTestResult>
    <UnitTestResult executionId="fa317322-e808-4209-b9c1-45d2246bbe26" testId="fef9c989-3738-c8d2-2df9-720456409fe6" testName="ShouldUseTheLastConstructorDefinitionInOneBindForISomeInterface3" computerName="TICHINHA" duration="00:00:00.0002877" startTime="2011-06-23T17:24:50.8934583+01:00" endTime="2011-06-23T17:24:50.8934583+01:00" testType="13cdc9d9-ddb5-4fa4-a97d-d965ccfc6d4b" outcome="Passed" testListId="8c84fa94-04c1-424b-9868-57a2d4851a1d" relativeResultsDirectory="fa317322-e808-4209-b9c1-45d2246bbe26">
    </UnitTestResult>
  </Results>
</TestRun>