<?xml version="1.0" encoding="UTF-8"?>
<TestRun id="aa0c13ec-77db-4b10-b766-11d4f419d950" name="Ticha@TICHINHA 2011-06-23 17:29:02" runUser="Tichinha\Ticha" xmlns="http://microsoft.com/schemas/VisualStudio/TeamTest/2010">
  <TestSettings name="Local" id="9cc0ef20-9937-47d7-8157-49516918ae7e">
    <Description>These are default test settings for a local test run.</Description>
    <Deployment userDeploymentRoot="H:\SPF\PROMPT11\PROMPT11-02-AdvancedProgramming.sandrapatfer\src\FinalWork\TestResults" useDefaultDeploymentRoot="false" enabled="false" runDeploymentRoot="Ticha_TICHINHA 2011-06-23 17_29_02">
      <DeploymentItem filename="H:\SPF\PROMPT11\PROMPT11-02-AdvancedProgramming.sandrapatfer\src\FinalWork\ChelasInjection\bin\Debug\ChelasInjection.dll" />
      <DeploymentItem filename="H:\SPF\PROMPT11\PROMPT11-02-AdvancedProgramming.sandrapatfer\src\FinalWork\ChelasInjection.SampleTypes\bin\Debug\ChelasInjection.SampleTypes.dll" />
    </Deployment>
    <Execution>
      <TestTypeSpecific />
      <AgentRule name="Execution Agents">
      </AgentRule>
    </Execution>
  </TestSettings>
  <Times creation="2011-06-23T17:29:02.0539693+01:00" queuing="2011-06-23T17:29:02.1469703+01:00" start="2011-06-23T17:29:02.1781704+01:00" finish="2011-06-23T17:29:02.4121708+01:00" />
  <ResultSummary outcome="Completed">
    <Counters total="1" executed="1" passed="1" error="0" failed="0" timeout="0" aborted="0" inconclusive="0" passedButRunAborted="0" notRunnable="0" notExecuted="0" disconnected="0" warning="0" completed="0" inProgress="0" pending="0" />
  </ResultSummary>
  <TestDefinitions>
    <UnitTest name="ShouldThrowMultipleDefaultConstructorAttributesExceptionWhenForSomeClass10BecauseHasMultipleConstructorsWithDefaultConstructorAttribute" storage="h:\spf\prompt11\prompt11-02-advancedprogramming.sandrapatfer\src\finalwork\chelasinjection.tests2\bin\debug\chelasinjection.tests2.dll" id="badb261c-79e1-f2d7-f803-19e335e6a24b">
      <Execution id="9b92f2b4-ee0c-446d-a207-260d95392dcd" />
      <TestMethod codeBase="H:/SPF/PROMPT11/PROMPT11-02-AdvancedProgramming.sandrapatfer/src/FinalWork/ChelasInjection.Tests2/bin/Debug/ChelasInjection.Tests2.DLL" adapterTypeName="Microsoft.VisualStudio.TestTools.TestTypes.Unit.UnitTestAdapter, Microsoft.VisualStudio.QualityTools.Tips.UnitTest.Adapter, Version=10.0.0.0, Culture=neutral, PublicKeyToken=b03f5f7f11d50a3a" className="ChelasInjection.Tests.UnitTest1, ChelasInjection.Tests2, Version=1.0.0.0, Culture=neutral, PublicKeyToken=null" name="ShouldThrowMultipleDefaultConstructorAttributesExceptionWhenForSomeClass10BecauseHasMultipleConstructorsWithDefaultConstructorAttribute" />
    </UnitTest>
  </TestDefinitions>
  <TestLists>
    <TestList name="Results Not in a List" id="8c84fa94-04c1-424b-9868-57a2d4851a1d" />
    <TestList name="All Loaded Results" id="19431567-8539-422a-85d7-44ee4e166bda" />
  </TestLists>
  <TestEntries>
    <TestEntry testId="badb261c-79e1-f2d7-f803-19e335e6a24b" executionId="9b92f2b4-ee0c-446d-a207-260d95392dcd" testListId="8c84fa94-04c1-424b-9868-57a2d4851a1d" />
  </TestEntries>
  <Results>
    <UnitTestResult executionId="9b92f2b4-ee0c-446d-a207-260d95392dcd" testId="badb261c-79e1-f2d7-f803-19e335e6a24b" testName="ShouldThrowMultipleDefaultConstructorAttributesExceptionWhenForSomeClass10BecauseHasMultipleConstructorsWithDefaultConstructorAttribute" computerName="TICHINHA" duration="00:00:00.0313794" startTime="2011-06-23T17:29:02.1781704+01:00" endTime="2011-06-23T17:29:02.3965707+01:00" testType="13cdc9d9-ddb5-4fa4-a97d-d965ccfc6d4b" outcome="Passed" testListId="8c84fa94-04c1-424b-9868-57a2d4851a1d" relativeResultsDirectory="9b92f2b4-ee0c-446d-a207-260d95392dcd">
    </UnitTestResult>
  </Results>
</TestRun>