<?xml version="1.0" encoding="UTF-8"?>
<TestRun id="70e678d5-101a-44d0-b54c-109851ae7683" name="Ticha@TICHINHA 2011-06-23 17:30:25" runUser="Tichinha\Ticha" xmlns="http://microsoft.com/schemas/VisualStudio/TeamTest/2010">
  <TestSettings name="Local" id="9cc0ef20-9937-47d7-8157-49516918ae7e">
    <Description>These are default test settings for a local test run.</Description>
    <Deployment userDeploymentRoot="H:\SPF\PROMPT11\PROMPT11-02-AdvancedProgramming.sandrapatfer\src\FinalWork\TestResults" useDefaultDeploymentRoot="false" enabled="false" runDeploymentRoot="Ticha_TICHINHA 2011-06-23 17_30_25">
      <DeploymentItem filename="H:\SPF\PROMPT11\PROMPT11-02-AdvancedProgramming.sandrapatfer\src\FinalWork\ChelasInjection\bin\Debug\ChelasInjection.dll" />
      <DeploymentItem filename="H:\SPF\PROMPT11\PROMPT11-02-AdvancedProgramming.sandrapatfer\src\FinalWork\ChelasInjection.SampleTypes\bin\Debug\ChelasInjection.SampleTypes.dll" />
    </Deployment>
    <Execution>
      <TestTypeSpecific />
      <AgentRule name="Execution Agents">
      </AgentRule>
    </Execution>
  </TestSettings>
  <Times creation="2011-06-23T17:30:25.4512470+01:00" queuing="2011-06-23T17:30:26.0624500+01:00" start="2011-06-23T17:30:26.2028502+01:00" finish="2011-06-23T17:37:22.7638040+01:00" />
  <ResultSummary outcome="Error">
    <Counters total="1" executed="1" error="0" failed="0" timeout="0" aborted="1" inconclusive="0" passedButRunAborted="0" notRunnable="0" notExecuted="0" disconnected="0" warning="0" passed="0" completed="0" inProgress="0" pending="0" />
    <RunInfos>
      <RunInfo computerName="TICHINHA" outcome="Error" timestamp="2011-06-23T17:37:22.7638040+01:00">
        <Text>Test host process exited unexpectedly.</Text>
      </RunInfo>
    </RunInfos>
  </ResultSummary>
  <TestDefinitions>
    <UnitTest name="ShouldThrowUnboundExceptionForISomeInterface8Request" storage="h:\spf\prompt11\prompt11-02-advancedprogramming.sandrapatfer\src\finalwork\chelasinjection.tests2\bin\debug\chelasinjection.tests2.dll" id="343e2330-020f-ca29-0724-95104f785584">
      <Execution id="96e75145-4bcb-4381-a64e-351dfa55b7cd" />
      <TestMethod codeBase="H:/SPF/PROMPT11/PROMPT11-02-AdvancedProgramming.sandrapatfer/src/FinalWork/ChelasInjection.Tests2/bin/Debug/ChelasInjection.Tests2.DLL" adapterTypeName="Microsoft.VisualStudio.TestTools.TestTypes.Unit.UnitTestAdapter, Microsoft.VisualStudio.QualityTools.Tips.UnitTest.Adapter, Version=10.0.0.0, Culture=neutral, PublicKeyToken=b03f5f7f11d50a3a" className="ChelasInjection.Tests.UnitTest1, ChelasInjection.Tests2, Version=1.0.0.0, Culture=neutral, PublicKeyToken=null" name="ShouldThrowUnboundExceptionForISomeInterface8Request" />
    </UnitTest>
  </TestDefinitions>
  <TestLists>
    <TestList name="Results Not in a List" id="8c84fa94-04c1-424b-9868-57a2d4851a1d" />
    <TestList name="All Loaded Results" id="19431567-8539-422a-85d7-44ee4e166bda" />
  </TestLists>
  <TestEntries>
    <TestEntry testId="343e2330-020f-ca29-0724-95104f785584" executionId="96e75145-4bcb-4381-a64e-351dfa55b7cd" testListId="8c84fa94-04c1-424b-9868-57a2d4851a1d" />
  </TestEntries>
  <Results>
    <UnitTestResult executionId="96e75145-4bcb-4381-a64e-351dfa55b7cd" testId="343e2330-020f-ca29-0724-95104f785584" testName="ShouldThrowUnboundExceptionForISomeInterface8Request" computerName="TICHINHA" duration="00:06:56.4361536" startTime="2011-06-23T17:30:26.3276504+01:00" endTime="2011-06-23T17:37:22.7638040+01:00" testType="13cdc9d9-ddb5-4fa4-a97d-d965ccfc6d4b" outcome="Aborted" testListId="8c84fa94-04c1-424b-9868-57a2d4851a1d" relativeResultsDirectory="96e75145-4bcb-4381-a64e-351dfa55b7cd">
    </UnitTestResult>
  </Results>
</TestRun>