<?xml version="1.0" encoding="UTF-8"?>
<TestRun id="4e5691cf-ab60-4666-b2d8-17830ee6349f" name="Ticha@TICHINHA 2011-06-23 17:50:53" runUser="Tichinha\Ticha" xmlns="http://microsoft.com/schemas/VisualStudio/TeamTest/2010">
  <TestSettings name="Local" id="9cc0ef20-9937-47d7-8157-49516918ae7e">
    <Description>These are default test settings for a local test run.</Description>
    <Deployment enabled="false" runDeploymentRoot="Ticha_TICHINHA 2011-06-23 17_50_53">
      <DeploymentItem filename="H:\SPF\PROMPT11\PROMPT11-02-AdvancedProgramming.sandrapatfer\src\FinalWork\ChelasInjection\bin\Debug\ChelasInjection.dll" />
      <DeploymentItem filename="H:\SPF\PROMPT11\PROMPT11-02-AdvancedProgramming.sandrapatfer\src\FinalWork\ChelasInjection.SampleTypes\bin\Debug\ChelasInjection.SampleTypes.dll" />
    </Deployment>
    <Execution>
      <TestTypeSpecific />
      <AgentRule name="Execution Agents">
      </AgentRule>
    </Execution>
  </TestSettings>
  <Times creation="2011-06-23T17:50:53.0223837+01:00" queuing="2011-06-23T17:50:53.0223837+01:00" start="2011-06-23T17:50:53.0223837+01:00" finish="2011-06-23T17:50:53.2251841+01:00" />
  <ResultSummary outcome="Completed">
    <Counters total="1" executed="1" passed="1" error="0" failed="0" timeout="0" aborted="0" inconclusive="0" passedButRunAborted="0" notRunnable="0" notExecuted="0" disconnected="0" warning="0" completed="0" inProgress="0" pending="0" />
  </ResultSummary>
  <TestDefinitions>
    <UnitTest name="ShouldReturnSomeInterface7DefaultForSomeInterface7DependencyOnSomeClass14WithNoArgumentAttribute" storage="h:\spf\prompt11\prompt11-02-advancedprogramming.sandrapatfer\src\finalwork\chelasinjection.tests2\bin\debug\chelasinjection.tests2.dll" id="fb960a69-164e-b826-ab52-fd7d677561d6">
      <Execution id="d85c3c8f-a8b7-42e6-b913-c9f01e20c090" />
      <TestMethod codeBase="H:/SPF/PROMPT11/PROMPT11-02-AdvancedProgramming.sandrapatfer/src/FinalWork/ChelasInjection.Tests2/bin/Debug/ChelasInjection.Tests2.DLL" adapterTypeName="Microsoft.VisualStudio.TestTools.TestTypes.Unit.UnitTestAdapter, Microsoft.VisualStudio.QualityTools.Tips.UnitTest.Adapter, Version=10.0.0.0, Culture=neutral, PublicKeyToken=b03f5f7f11d50a3a" className="ChelasInjection.Tests.UnitTest1, ChelasInjection.Tests2, Version=1.0.0.0, Culture=neutral, PublicKeyToken=null" name="ShouldReturnSomeInterface7DefaultForSomeInterface7DependencyOnSomeClass14WithNoArgumentAttribute" />
    </UnitTest>
  </TestDefinitions>
  <TestLists>
    <TestList name="Results Not in a List" id="8c84fa94-04c1-424b-9868-57a2d4851a1d" />
    <TestList name="All Loaded Results" id="19431567-8539-422a-85d7-44ee4e166bda" />
  </TestLists>
  <TestEntries>
    <TestEntry testId="fb960a69-164e-b826-ab52-fd7d677561d6" executionId="d85c3c8f-a8b7-42e6-b913-c9f01e20c090" testListId="8c84fa94-04c1-424b-9868-57a2d4851a1d" />
  </TestEntries>
  <Results>
    <UnitTestResult executionId="d85c3c8f-a8b7-42e6-b913-c9f01e20c090" testId="fb960a69-164e-b826-ab52-fd7d677561d6" testName="ShouldReturnSomeInterface7DefaultForSomeInterface7DependencyOnSomeClass14WithNoArgumentAttribute" computerName="TICHINHA" duration="00:00:00.0342091" startTime="2011-06-23T17:50:53.0223837+01:00" endTime="2011-06-23T17:50:53.2095841+01:00" testType="13cdc9d9-ddb5-4fa4-a97d-d965ccfc6d4b" outcome="Passed" testListId="8c84fa94-04c1-424b-9868-57a2d4851a1d" relativeResultsDirectory="d85c3c8f-a8b7-42e6-b913-c9f01e20c090">
    </UnitTestResult>
  </Results>
</TestRun>