<?xml version="1.0" encoding="UTF-8"?>
<TestRun id="6f7eafe8-6cab-4f64-b7b3-cd5961ef91e5" name="spf@WKSPF4 2011-06-02 19:21:21" runUser="ASCORP\spf" xmlns="http://microsoft.com/schemas/VisualStudio/TeamTest/2010">
  <TestSettings name="Local" id="20974c45-1e60-482e-9f13-c57dd131062d">
    <Description>These are default test settings for a local test run.</Description>
    <Deployment enabled="false" runDeploymentRoot="spf_WKSPF4 2011-06-02 19_21_21">
      <DeploymentItem filename="C:\SPF\prompt11\uc02\PROMPT11-02-AdvancedProgramming.sandrapatfer\src\Mod02-AdvProgramming.Assignments\bin\Debug\Mod02-AdvProgramming.Assignments.dll" />
    </Deployment>
    <Execution>
      <TestTypeSpecific />
      <AgentRule name="Execution Agents">
      </AgentRule>
    </Execution>
  </TestSettings>
  <Times creation="2011-06-02T19:21:21.9828458+01:00" queuing="2011-06-02T19:21:21.9978466+01:00" start="2011-06-02T19:21:22.0098473+01:00" finish="2011-06-02T19:21:22.3874681+01:00" />
  <ResultSummary outcome="Completed">
    <Counters total="1" executed="1" passed="1" error="0" failed="0" timeout="0" aborted="0" inconclusive="0" passedButRunAborted="0" notRunnable="0" notExecuted="0" disconnected="0" warning="0" completed="0" inProgress="0" pending="0" />
  </ResultSummary>
  <TestDefinitions>
    <UnitTest name="TestMethod1" storage="c:\spf\prompt11\uc02\prompt11-02-advancedprogramming.sandrapatfer\src\mod02-advprogramming.assignments.tests2\bin\debug\mod02-advprogramming.assignments.tests2.dll" id="193826c2-51a4-35d7-4926-2f05a05f458f">
      <Execution id="3e5cc3c9-2025-441f-9345-4d49df5bbeda" />
      <TestMethod codeBase="C:/SPF/prompt11/uc02/PROMPT11-02-AdvancedProgramming.sandrapatfer/src/Mod02-AdvProgramming.Assignments.Tests2/bin/Debug/Mod02-AdvProgramming.Assignments.Tests2.DLL" adapterTypeName="Microsoft.VisualStudio.TestTools.TestTypes.Unit.UnitTestAdapter, Microsoft.VisualStudio.QualityTools.Tips.UnitTest.Adapter, Version=10.0.0.0, Culture=neutral, PublicKeyToken=b03f5f7f11d50a3a" className="Mod02_AdvProgramming.Assignments.Tests2.Ex6Tests, Mod02-AdvProgramming.Assignments.Tests2, Version=1.0.0.0, Culture=neutral, PublicKeyToken=null" name="TestMethod1" />
    </UnitTest>
  </TestDefinitions>
  <TestLists>
    <TestList name="Results Not in a List" id="8c84fa94-04c1-424b-9868-57a2d4851a1d" />
    <TestList name="All Loaded Results" id="19431567-8539-422a-85d7-44ee4e166bda" />
  </TestLists>
  <TestEntries>
    <TestEntry testId="193826c2-51a4-35d7-4926-2f05a05f458f" executionId="3e5cc3c9-2025-441f-9345-4d49df5bbeda" testListId="8c84fa94-04c1-424b-9868-57a2d4851a1d" />
  </TestEntries>
  <Results>
    <UnitTestResult executionId="3e5cc3c9-2025-441f-9345-4d49df5bbeda" testId="193826c2-51a4-35d7-4926-2f05a05f458f" testName="TestMethod1" computerName="WKSPF4" duration="00:00:00.0613883" startTime="2011-06-02T19:21:22.0278484+01:00" endTime="2011-06-02T19:21:22.3708680+01:00" testType="13cdc9d9-ddb5-4fa4-a97d-d965ccfc6d4b" outcome="Passed" testListId="8c84fa94-04c1-424b-9868-57a2d4851a1d" relativeResultsDirectory="3e5cc3c9-2025-441f-9345-4d49df5bbeda">
    </UnitTestResult>
  </Results>
</TestRun>