<?xml version="1.0" encoding="UTF-8"?>
<TestRun id="4f237bc7-bf6f-4df8-b89a-0bcb826dc279" name="spf@WKSPF4 2011-06-02 19:01:12" runUser="ASCORP\spf" xmlns="http://microsoft.com/schemas/VisualStudio/TeamTest/2010">
  <TestSettings name="Local" id="20974c45-1e60-482e-9f13-c57dd131062d">
    <Description>These are default test settings for a local test run.</Description>
    <Deployment enabled="false" runDeploymentRoot="spf_WKSPF4 2011-06-02 19_01_12">
      <DeploymentItem filename="C:\SPF\prompt11\uc02\PROMPT11-02-AdvancedProgramming.sandrapatfer\src\Mod02-AdvProgramming.Assignments\bin\Debug\Mod02-AdvProgramming.Assignments.dll" />
    </Deployment>
    <Execution>
      <TestTypeSpecific />
      <AgentRule name="Execution Agents">
      </AgentRule>
    </Execution>
  </TestSettings>
  <Times creation="2011-06-02T19:01:12.2145213+01:00" queuing="2011-06-02T19:01:12.5109218+01:00" start="2011-06-02T19:01:12.5635239+01:00" finish="2011-06-02T19:01:13.0349388+01:00" />
  <ResultSummary outcome="Completed">
    <Counters total="3" executed="3" passed="3" error="0" failed="0" timeout="0" aborted="0" inconclusive="0" passedButRunAborted="0" notRunnable="0" notExecuted="0" disconnected="0" warning="0" completed="0" inProgress="0" pending="0" />
  </ResultSummary>
  <TestDefinitions>
    <UnitTest name="CountRepeatedShouldReturnAnEmptySequenceForANullSequence" storage="c:\spf\prompt11\uc02\prompt11-02-advancedprogramming.sandrapatfer\src\mod02-advprogramming.assignments.tests2\bin\debug\mod02-advprogramming.assignments.tests2.dll" id="f4035898-027d-d88f-0034-cebeeda9b6af">
      <Execution id="8c1b5930-9b24-451d-a6d9-5774039b41d2" />
      <TestMethod codeBase="C:/SPF/prompt11/uc02/PROMPT11-02-AdvancedProgramming.sandrapatfer/src/Mod02-AdvProgramming.Assignments.Tests2/bin/Debug/Mod02-AdvProgramming.Assignments.Tests2.DLL" adapterTypeName="Microsoft.VisualStudio.TestTools.TestTypes.Unit.UnitTestAdapter, Microsoft.VisualStudio.QualityTools.Tips.UnitTest.Adapter, Version=10.0.0.0, Culture=neutral, PublicKeyToken=b03f5f7f11d50a3a" className="Mod02_AdvProgramming.Assignments.Tests.Ex4Tests, Mod02-AdvProgramming.Assignments.Tests2, Version=1.0.0.0, Culture=neutral, PublicKeyToken=null" name="CountRepeatedShouldReturnAnEmptySequenceForANullSequence" />
    </UnitTest>
    <UnitTest name="CountRepeatedShouldReturnAnEmptySequenceWhenThereAreNoRepeatedElements" storage="c:\spf\prompt11\uc02\prompt11-02-advancedprogramming.sandrapatfer\src\mod02-advprogramming.assignments.tests2\bin\debug\mod02-advprogramming.assignments.tests2.dll" id="d1f71055-12b2-c0c7-b71a-1562ebd5ff00">
      <Execution id="b8c00145-c512-4527-80d2-5ba1a0d4ff86" />
      <TestMethod codeBase="C:/SPF/prompt11/uc02/PROMPT11-02-AdvancedProgramming.sandrapatfer/src/Mod02-AdvProgramming.Assignments.Tests2/bin/Debug/Mod02-AdvProgramming.Assignments.Tests2.DLL" adapterTypeName="Microsoft.VisualStudio.TestTools.TestTypes.Unit.UnitTestAdapter, Microsoft.VisualStudio.QualityTools.Tips.UnitTest.Adapter, Version=10.0.0.0, Culture=neutral, PublicKeyToken=b03f5f7f11d50a3a" className="Mod02_AdvProgramming.Assignments.Tests.Ex4Tests, Mod02-AdvProgramming.Assignments.Tests2, Version=1.0.0.0, Culture=neutral, PublicKeyToken=null" name="CountRepeatedShouldReturnAnEmptySequenceWhenThereAreNoRepeatedElements" />
    </UnitTest>
    <UnitTest name="CountRepeatedShouldReturnAPairSequenceWhenThereAreRepeatedElements" storage="c:\spf\prompt11\uc02\prompt11-02-advancedprogramming.sandrapatfer\src\mod02-advprogramming.assignments.tests2\bin\debug\mod02-advprogramming.assignments.tests2.dll" id="163d4dfa-99af-4bfb-0f0c-0245906019eb">
      <Execution id="c487fbb7-7b24-4160-a32f-864d3aaa3c4d" />
      <TestMethod codeBase="C:/SPF/prompt11/uc02/PROMPT11-02-AdvancedProgramming.sandrapatfer/src/Mod02-AdvProgramming.Assignments.Tests2/bin/Debug/Mod02-AdvProgramming.Assignments.Tests2.DLL" adapterTypeName="Microsoft.VisualStudio.TestTools.TestTypes.Unit.UnitTestAdapter, Microsoft.VisualStudio.QualityTools.Tips.UnitTest.Adapter, Version=10.0.0.0, Culture=neutral, PublicKeyToken=b03f5f7f11d50a3a" className="Mod02_AdvProgramming.Assignments.Tests.Ex4Tests, Mod02-AdvProgramming.Assignments.Tests2, Version=1.0.0.0, Culture=neutral, PublicKeyToken=null" name="CountRepeatedShouldReturnAPairSequenceWhenThereAreRepeatedElements" />
    </UnitTest>
  </TestDefinitions>
  <TestLists>
    <TestList name="Results Not in a List" id="8c84fa94-04c1-424b-9868-57a2d4851a1d" />
    <TestList name="All Loaded Results" id="19431567-8539-422a-85d7-44ee4e166bda" />
  </TestLists>
  <TestEntries>
    <TestEntry testId="163d4dfa-99af-4bfb-0f0c-0245906019eb" executionId="c487fbb7-7b24-4160-a32f-864d3aaa3c4d" testListId="8c84fa94-04c1-424b-9868-57a2d4851a1d" />
    <TestEntry testId="d1f71055-12b2-c0c7-b71a-1562ebd5ff00" executionId="b8c00145-c512-4527-80d2-5ba1a0d4ff86" testListId="8c84fa94-04c1-424b-9868-57a2d4851a1d" />
    <TestEntry testId="f4035898-027d-d88f-0034-cebeeda9b6af" executionId="8c1b5930-9b24-451d-a6d9-5774039b41d2" testListId="8c84fa94-04c1-424b-9868-57a2d4851a1d" />
  </TestEntries>
  <Results>
    <UnitTestResult executionId="c487fbb7-7b24-4160-a32f-864d3aaa3c4d" testId="163d4dfa-99af-4bfb-0f0c-0245906019eb" testName="CountRepeatedShouldReturnAPairSequenceWhenThereAreRepeatedElements" computerName="WKSPF4" duration="00:00:00.0244281" startTime="2011-06-02T19:01:12.5785248+01:00" endTime="2011-06-02T19:01:12.9569386+01:00" testType="13cdc9d9-ddb5-4fa4-a97d-d965ccfc6d4b" outcome="Passed" testListId="8c84fa94-04c1-424b-9868-57a2d4851a1d" relativeResultsDirectory="c487fbb7-7b24-4160-a32f-864d3aaa3c4d">
    </UnitTestResult>
    <UnitTestResult executionId="b8c00145-c512-4527-80d2-5ba1a0d4ff86" testId="d1f71055-12b2-c0c7-b71a-1562ebd5ff00" testName="CountRepeatedShouldReturnAnEmptySequenceWhenThereAreNoRepeatedElements" computerName="WKSPF4" duration="00:00:00.0003785" startTime="2011-06-02T19:01:12.9725387+01:00" endTime="2011-06-02T19:01:12.9725387+01:00" testType="13cdc9d9-ddb5-4fa4-a97d-d965ccfc6d4b" outcome="Passed" testListId="8c84fa94-04c1-424b-9868-57a2d4851a1d" relativeResultsDirectory="b8c00145-c512-4527-80d2-5ba1a0d4ff86">
    </UnitTestResult>
    <UnitTestResult executionId="8c1b5930-9b24-451d-a6d9-5774039b41d2" testId="f4035898-027d-d88f-0034-cebeeda9b6af" testName="CountRepeatedShouldReturnAnEmptySequenceForANullSequence" computerName="WKSPF4" duration="00:00:00.0003139" startTime="2011-06-02T19:01:12.9725387+01:00" endTime="2011-06-02T19:01:12.9881387+01:00" testType="13cdc9d9-ddb5-4fa4-a97d-d965ccfc6d4b" outcome="Passed" testListId="8c84fa94-04c1-424b-9868-57a2d4851a1d" relativeResultsDirectory="8c1b5930-9b24-451d-a6d9-5774039b41d2">
    </UnitTestResult>
  </Results>
</TestRun>