<?xml version="1.0" encoding="UTF-8"?>
<TestRun id="50d026b4-43c3-439f-9ca8-bbdd2146687c" name="spf@WKSPF4 2011-06-02 19:43:44" runUser="ASCORP\spf" xmlns="http://microsoft.com/schemas/VisualStudio/TeamTest/2010">
  <TestSettings name="Local" id="20974c45-1e60-482e-9f13-c57dd131062d">
    <Description>These are default test settings for a local test run.</Description>
    <Deployment enabled="false" runDeploymentRoot="spf_WKSPF4 2011-06-02 19_43_44">
      <DeploymentItem filename="C:\SPF\prompt11\uc02\PROMPT11-02-AdvancedProgramming.sandrapatfer\src\Mod02-AdvProgramming.Assignments\bin\Debug\Mod02-AdvProgramming.Assignments.dll" />
    </Deployment>
    <Execution>
      <TestTypeSpecific />
      <AgentRule name="Execution Agents">
      </AgentRule>
    </Execution>
  </TestSettings>
  <Times creation="2011-06-02T19:43:44.1760056+01:00" queuing="2011-06-02T19:43:44.1916056+01:00" start="2011-06-02T19:43:44.2072057+01:00" finish="2011-06-02T19:43:44.5504063+01:00" />
  <ResultSummary outcome="Completed">
    <Counters total="2" executed="2" passed="2" error="0" failed="0" timeout="0" aborted="0" inconclusive="0" passedButRunAborted="0" notRunnable="0" notExecuted="0" disconnected="0" warning="0" completed="0" inProgress="0" pending="0" />
  </ResultSummary>
  <TestDefinitions>
    <UnitTest name="TestMethod4" storage="c:\spf\prompt11\uc02\prompt11-02-advancedprogramming.sandrapatfer\src\mod02-advprogramming.assignments.tests2\bin\debug\mod02-advprogramming.assignments.tests2.dll" id="fb04c4e8-3dca-6d4f-b199-809949b04c5d">
      <Execution id="c38ae3bf-a19a-429b-858a-99e4d20177e9" />
      <TestMethod codeBase="C:/SPF/prompt11/uc02/PROMPT11-02-AdvancedProgramming.sandrapatfer/src/Mod02-AdvProgramming.Assignments.Tests2/bin/Debug/Mod02-AdvProgramming.Assignments.Tests2.DLL" adapterTypeName="Microsoft.VisualStudio.TestTools.TestTypes.Unit.UnitTestAdapter, Microsoft.VisualStudio.QualityTools.Tips.UnitTest.Adapter, Version=10.0.0.0, Culture=neutral, PublicKeyToken=b03f5f7f11d50a3a" className="Mod02_AdvProgramming.Assignments.Tests2.Ex6Tests, Mod02-AdvProgramming.Assignments.Tests2, Version=1.0.0.0, Culture=neutral, PublicKeyToken=null" name="TestMethod4" />
    </UnitTest>
    <UnitTest name="TestMethod5" storage="c:\spf\prompt11\uc02\prompt11-02-advancedprogramming.sandrapatfer\src\mod02-advprogramming.assignments.tests2\bin\debug\mod02-advprogramming.assignments.tests2.dll" id="aec8eb70-c720-7b01-b6b2-2ea0af344c07">
      <Execution id="31400da5-9a09-474e-9f22-ea54425cf9f8" />
      <TestMethod codeBase="C:/SPF/prompt11/uc02/PROMPT11-02-AdvancedProgramming.sandrapatfer/src/Mod02-AdvProgramming.Assignments.Tests2/bin/Debug/Mod02-AdvProgramming.Assignments.Tests2.DLL" adapterTypeName="Microsoft.VisualStudio.TestTools.TestTypes.Unit.UnitTestAdapter, Microsoft.VisualStudio.QualityTools.Tips.UnitTest.Adapter, Version=10.0.0.0, Culture=neutral, PublicKeyToken=b03f5f7f11d50a3a" className="Mod02_AdvProgramming.Assignments.Tests2.Ex6Tests, Mod02-AdvProgramming.Assignments.Tests2, Version=1.0.0.0, Culture=neutral, PublicKeyToken=null" name="TestMethod5" />
    </UnitTest>
  </TestDefinitions>
  <TestLists>
    <TestList name="Results Not in a List" id="8c84fa94-04c1-424b-9868-57a2d4851a1d" />
    <TestList name="All Loaded Results" id="19431567-8539-422a-85d7-44ee4e166bda" />
  </TestLists>
  <TestEntries>
    <TestEntry testId="fb04c4e8-3dca-6d4f-b199-809949b04c5d" executionId="c38ae3bf-a19a-429b-858a-99e4d20177e9" testListId="8c84fa94-04c1-424b-9868-57a2d4851a1d" />
    <TestEntry testId="aec8eb70-c720-7b01-b6b2-2ea0af344c07" executionId="31400da5-9a09-474e-9f22-ea54425cf9f8" testListId="8c84fa94-04c1-424b-9868-57a2d4851a1d" />
  </TestEntries>
  <Results>
    <UnitTestResult executionId="c38ae3bf-a19a-429b-858a-99e4d20177e9" testId="fb04c4e8-3dca-6d4f-b199-809949b04c5d" testName="TestMethod4" computerName="WKSPF4" duration="00:00:00.0220272" startTime="2011-06-02T19:43:44.2228057+01:00" endTime="2011-06-02T19:43:44.5192062+01:00" testType="13cdc9d9-ddb5-4fa4-a97d-d965ccfc6d4b" outcome="Passed" testListId="8c84fa94-04c1-424b-9868-57a2d4851a1d" relativeResultsDirectory="c38ae3bf-a19a-429b-858a-99e4d20177e9">
    </UnitTestResult>
    <UnitTestResult executionId="31400da5-9a09-474e-9f22-ea54425cf9f8" testId="aec8eb70-c720-7b01-b6b2-2ea0af344c07" testName="TestMethod5" computerName="WKSPF4" duration="00:00:00.0011369" startTime="2011-06-02T19:43:44.5192062+01:00" endTime="2011-06-02T19:43:44.5348062+01:00" testType="13cdc9d9-ddb5-4fa4-a97d-d965ccfc6d4b" outcome="Passed" testListId="8c84fa94-04c1-424b-9868-57a2d4851a1d" relativeResultsDirectory="31400da5-9a09-474e-9f22-ea54425cf9f8">
    </UnitTestResult>
  </Results>
</TestRun>