<?xml version="1.0" encoding="UTF-8"?>
<TestRun id="ea05bd46-44aa-4ee9-acf6-d7b1938b420a" name="spf@WKSPF4 2011-06-08 18:20:16" runUser="ASCORP\spf" xmlns="http://microsoft.com/schemas/VisualStudio/TeamTest/2010">
  <TestSettings name="Local" id="20974c45-1e60-482e-9f13-c57dd131062d">
    <Description>These are default test settings for a local test run.</Description>
    <Deployment userDeploymentRoot="C:\SPF\prompt11\uc02\PROMPT11-02-AdvancedProgramming.sandrapatfer\src\TestResults" useDefaultDeploymentRoot="false" enabled="false" runDeploymentRoot="spf_WKSPF4 2011-06-08 18_20_16">
      <DeploymentItem filename="C:\SPF\prompt11\uc02\PROMPT11-02-AdvancedProgramming.sandrapatfer\src\Mod02-AdvProgramming.Assignments\bin\Debug\Mod02-AdvProgramming.Assignments.dll" />
    </Deployment>
    <Execution>
      <TestTypeSpecific />
      <AgentRule name="Execution Agents">
      </AgentRule>
    </Execution>
  </TestSettings>
  <Times creation="2011-06-08T18:20:16.3074433+01:00" queuing="2011-06-08T18:20:16.3554461+01:00" start="2011-06-08T18:20:16.3794474+01:00" finish="2011-06-08T18:20:16.6554632+01:00" />
  <ResultSummary outcome="Completed">
    <Counters total="1" executed="1" passed="1" error="0" failed="0" timeout="0" aborted="0" inconclusive="0" passedButRunAborted="0" notRunnable="0" notExecuted="0" disconnected="0" warning="0" completed="0" inProgress="0" pending="0" />
  </ResultSummary>
  <TestDefinitions>
    <UnitTest name="TestMyTake" storage="c:\spf\prompt11\uc02\prompt11-02-advancedprogramming.sandrapatfer\src\mod02-advprogramming.assignments.tests2\bin\debug\mod02-advprogramming.assignments.tests2.dll" id="5a3f0d74-abce-ab02-6cb5-1f0b585900e4">
      <Execution id="b979817f-4f01-421d-9e06-9297116a17e0" />
      <TestMethod codeBase="C:/SPF/prompt11/uc02/PROMPT11-02-AdvancedProgramming.sandrapatfer/src/Mod02-AdvProgramming.Assignments.Tests2/bin/Debug/Mod02-AdvProgramming.Assignments.Tests2.DLL" adapterTypeName="Microsoft.VisualStudio.TestTools.TestTypes.Unit.UnitTestAdapter, Microsoft.VisualStudio.QualityTools.Tips.UnitTest.Adapter, Version=10.0.0.0, Culture=neutral, PublicKeyToken=b03f5f7f11d50a3a" className="Mod02_AdvProgramming.Assignments.Tests2.Ex6Tests, Mod02-AdvProgramming.Assignments.Tests2, Version=1.0.0.0, Culture=neutral, PublicKeyToken=null" name="TestMyTake" />
    </UnitTest>
  </TestDefinitions>
  <TestLists>
    <TestList name="Results Not in a List" id="8c84fa94-04c1-424b-9868-57a2d4851a1d" />
    <TestList name="All Loaded Results" id="19431567-8539-422a-85d7-44ee4e166bda" />
  </TestLists>
  <TestEntries>
    <TestEntry testId="5a3f0d74-abce-ab02-6cb5-1f0b585900e4" executionId="b979817f-4f01-421d-9e06-9297116a17e0" testListId="8c84fa94-04c1-424b-9868-57a2d4851a1d" />
  </TestEntries>
  <Results>
    <UnitTestResult executionId="b979817f-4f01-421d-9e06-9297116a17e0" testId="5a3f0d74-abce-ab02-6cb5-1f0b585900e4" testName="TestMyTake" computerName="WKSPF4" duration="00:00:00.0191649" startTime="2011-06-08T18:20:16.4024488+01:00" endTime="2011-06-08T18:20:16.6424625+01:00" testType="13cdc9d9-ddb5-4fa4-a97d-d965ccfc6d4b" outcome="Passed" testListId="8c84fa94-04c1-424b-9868-57a2d4851a1d" relativeResultsDirectory="b979817f-4f01-421d-9e06-9297116a17e0">
    </UnitTestResult>
  </Results>
</TestRun>