<?xml version="1.0" encoding="UTF-8"?>
<TestRun id="4ac39b23-bc61-400d-ba06-cf777ebf8abf" name="spf@WKSPF4 2011-06-08 18:44:43" runUser="ASCORP\spf" xmlns="http://microsoft.com/schemas/VisualStudio/TeamTest/2010">
  <TestSettings name="Local" id="20974c45-1e60-482e-9f13-c57dd131062d">
    <Description>These are default test settings for a local test run.</Description>
    <Deployment enabled="false" runDeploymentRoot="spf_WKSPF4 2011-06-08 18_44_43">
      <DeploymentItem filename="C:\SPF\prompt11\uc02\PROMPT11-02-AdvancedProgramming.sandrapatfer\src\Mod02-AdvProgramming.Assignments\bin\Debug\Mod02-AdvProgramming.Assignments.dll" />
    </Deployment>
    <Execution>
      <TestTypeSpecific />
      <AgentRule name="Execution Agents">
      </AgentRule>
    </Execution>
  </TestSettings>
  <Times creation="2011-06-08T18:44:43.0973389+01:00" queuing="2011-06-08T18:44:43.1263406+01:00" start="2011-06-08T18:44:43.1633427+01:00" finish="2011-06-08T18:44:43.7593768+01:00" />
  <ResultSummary outcome="Failed">
    <Counters total="1" executed="1" error="0" failed="1" timeout="0" aborted="0" inconclusive="0" passedButRunAborted="0" notRunnable="0" notExecuted="0" disconnected="0" warning="0" passed="0" completed="0" inProgress="0" pending="0" />
  </ResultSummary>
  <TestDefinitions>
    <UnitTest name="TestMyZip" storage="c:\spf\prompt11\uc02\prompt11-02-advancedprogramming.sandrapatfer\src\mod02-advprogramming.assignments.tests2\bin\debug\mod02-advprogramming.assignments.tests2.dll" id="c4b72d5c-6086-7827-fc02-eb56ce6e36ad">
      <Execution id="a346b9da-e814-424d-ab0a-a1bb756fb303" />
      <TestMethod codeBase="C:/SPF/prompt11/uc02/PROMPT11-02-AdvancedProgramming.sandrapatfer/src/Mod02-AdvProgramming.Assignments.Tests2/bin/Debug/Mod02-AdvProgramming.Assignments.Tests2.DLL" adapterTypeName="Microsoft.VisualStudio.TestTools.TestTypes.Unit.UnitTestAdapter, Microsoft.VisualStudio.QualityTools.Tips.UnitTest.Adapter, Version=10.0.0.0, Culture=neutral, PublicKeyToken=b03f5f7f11d50a3a" className="Mod02_AdvProgramming.Assignments.Tests2.Ex6Tests, Mod02-AdvProgramming.Assignments.Tests2, Version=1.0.0.0, Culture=neutral, PublicKeyToken=null" name="TestMyZip" />
    </UnitTest>
  </TestDefinitions>
  <TestLists>
    <TestList name="Results Not in a List" id="8c84fa94-04c1-424b-9868-57a2d4851a1d" />
    <TestList name="All Loaded Results" id="19431567-8539-422a-85d7-44ee4e166bda" />
  </TestLists>
  <TestEntries>
    <TestEntry testId="c4b72d5c-6086-7827-fc02-eb56ce6e36ad" executionId="a346b9da-e814-424d-ab0a-a1bb756fb303" testListId="8c84fa94-04c1-424b-9868-57a2d4851a1d" />
  </TestEntries>
  <Results>
    <UnitTestResult executionId="a346b9da-e814-424d-ab0a-a1bb756fb303" testId="c4b72d5c-6086-7827-fc02-eb56ce6e36ad" testName="TestMyZip" computerName="WKSPF4" duration="00:00:00.1095418" startTime="2011-06-08T18:44:43.1653428+01:00" endTime="2011-06-08T18:44:43.5063623+01:00" testType="13cdc9d9-ddb5-4fa4-a97d-d965ccfc6d4b" outcome="Failed" testListId="8c84fa94-04c1-424b-9868-57a2d4851a1d" relativeResultsDirectory="a346b9da-e814-424d-ab0a-a1bb756fb303">
      <Output>
        <ErrorInfo>
          <Message>Assert.AreEqual failed. Expected:&lt;1&gt;. Actual:&lt;2&gt;. </Message>
          <StackTrace>   at Mod02_AdvProgramming.Assignments.Tests2.Ex6Tests.TestMyZip() in C:\SPF\prompt11\uc02\PROMPT11-02-AdvancedProgramming.sandrapatfer\src\Mod02-AdvProgramming.Assignments.Tests2\Ex6Tests.cs:line 80
</StackTrace>
        </ErrorInfo>
      </Output>
    </UnitTestResult>
  </Results>
</TestRun>